2014/05/10 04:45:54 [error] [exception.CHttpException.404] exception 'CHttpException' with message 'Unable to resolve the request "yii".' in D:\Public_html\yii-1.1.14.f0fee9\framework\web\CWebApplication.php:286
Stack trace:
#0 D:\Public_html\yii-1.1.14.f0fee9\framework\web\CWebApplication.php(141): CWebApplication->runController('yii')
#1 D:\Public_html\yii-1.1.14.f0fee9\framework\base\CApplication.php(180): CWebApplication->processRequest()
#2 D:\Public_html\yiitest2\index.php(13): CApplication->run()
#3 {main}
REQUEST_URI=/yiitest2/index.php?r=yii
---
2014/05/10 05:12:42 [error] [exception.CHttpException.403] exception 'CHttpException' with message 'You are not authorized to perform this action.' in D:\Public_html\yii-1.1.14.f0fee9\framework\web\auth\CAccessControlFilter.php:182
Stack trace:
#0 D:\Public_html\yii-1.1.14.f0fee9\framework\web\auth\CAccessControlFilter.php(145): CAccessControlFilter->accessDenied(Object(CWebUser), 'You are not aut...')
#1 D:\Public_html\yii-1.1.14.f0fee9\framework\web\filters\CFilter.php(38): CAccessControlFilter->preFilter(Object(CFilterChain))
#2 D:\Public_html\yii-1.1.14.f0fee9\framework\web\CController.php(1145): CFilter->filter(Object(CFilterChain))
#3 D:\Public_html\yii-1.1.14.f0fee9\framework\web\filters\CInlineFilter.php(58): CController->filterAccessControl(Object(CFilterChain))
#4 D:\Public_html\yii-1.1.14.f0fee9\framework\web\filters\CFilterChain.php(130): CInlineFilter->filter(Object(CFilterChain))
#5 D:\Public_html\yii-1.1.14.f0fee9\framework\web\CController.php(291): CFilterChain->run()
#6 D:\Public_html\yii-1.1.14.f0fee9\framework\web\CController.php(265): CController->runActionWithFilters(Object(CInlineAction), Array)
#7 D:\Public_html\yii-1.1.14.f0fee9\framework\web\CWebApplication.php(282): CController->run('saveModel')
#8 D:\Public_html\yii-1.1.14.f0fee9\framework\web\CWebApplication.php(141): CWebApplication->runController('User/saveModel')
#9 D:\Public_html\yii-1.1.14.f0fee9\framework\base\CApplication.php(180): CWebApplication->processRequest()
#10 D:\Public_html\yiitest2\index.php(13): CApplication->run()
#11 {main}
REQUEST_URI=/yiitest2/index.php?r=User/saveModel&id=1
HTTP_REFERER=http://localhost/yiitest2/index.php?r=user/admin
---
2014/05/10 05:12:44 [error] [exception.CHttpException.403] exception 'CHttpException' with message 'You are not authorized to perform this action.' in D:\Public_html\yii-1.1.14.f0fee9\framework\web\auth\CAccessControlFilter.php:182
Stack trace:
#0 D:\Public_html\yii-1.1.14.f0fee9\framework\web\auth\CAccessControlFilter.php(145): CAccessControlFilter->accessDenied(Object(CWebUser), 'You are not aut...')
#1 D:\Public_html\yii-1.1.14.f0fee9\framework\web\filters\CFilter.php(38): CAccessControlFilter->preFilter(Object(CFilterChain))
#2 D:\Public_html\yii-1.1.14.f0fee9\framework\web\CController.php(1145): CFilter->filter(Object(CFilterChain))
#3 D:\Public_html\yii-1.1.14.f0fee9\framework\web\filters\CInlineFilter.php(58): CController->filterAccessControl(Object(CFilterChain))
#4 D:\Public_html\yii-1.1.14.f0fee9\framework\web\filters\CFilterChain.php(130): CInlineFilter->filter(Object(CFilterChain))
#5 D:\Public_html\yii-1.1.14.f0fee9\framework\web\CController.php(291): CFilterChain->run()
#6 D:\Public_html\yii-1.1.14.f0fee9\framework\web\CController.php(265): CController->runActionWithFilters(Object(CInlineAction), Array)
#7 D:\Public_html\yii-1.1.14.f0fee9\framework\web\CWebApplication.php(282): CController->run('saveModel')
#8 D:\Public_html\yii-1.1.14.f0fee9\framework\web\CWebApplication.php(141): CWebApplication->runController('User/saveModel')
#9 D:\Public_html\yii-1.1.14.f0fee9\framework\base\CApplication.php(180): CWebApplication->processRequest()
#10 D:\Public_html\yiitest2\index.php(13): CApplication->run()
#11 {main}
REQUEST_URI=/yiitest2/index.php?r=User/saveModel&id=1
HTTP_REFERER=http://localhost/yiitest2/index.php?r=user/admin
---
2014/05/10 05:12:44 [error] [exception.CHttpException.403] exception 'CHttpException' with message 'You are not authorized to perform this action.' in D:\Public_html\yii-1.1.14.f0fee9\framework\web\auth\CAccessControlFilter.php:182
Stack trace:
#0 D:\Public_html\yii-1.1.14.f0fee9\framework\web\auth\CAccessControlFilter.php(145): CAccessControlFilter->accessDenied(Object(CWebUser), 'You are not aut...')
#1 D:\Public_html\yii-1.1.14.f0fee9\framework\web\filters\CFilter.php(38): CAccessControlFilter->preFilter(Object(CFilterChain))
#2 D:\Public_html\yii-1.1.14.f0fee9\framework\web\CController.php(1145): CFilter->filter(Object(CFilterChain))
#3 D:\Public_html\yii-1.1.14.f0fee9\framework\web\filters\CInlineFilter.php(58): CController->filterAccessControl(Object(CFilterChain))
#4 D:\Public_html\yii-1.1.14.f0fee9\framework\web\filters\CFilterChain.php(130): CInlineFilter->filter(Object(CFilterChain))
#5 D:\Public_html\yii-1.1.14.f0fee9\framework\web\CController.php(291): CFilterChain->run()
#6 D:\Public_html\yii-1.1.14.f0fee9\framework\web\CController.php(265): CController->runActionWithFilters(Object(CInlineAction), Array)
#7 D:\Public_html\yii-1.1.14.f0fee9\framework\web\CWebApplication.php(282): CController->run('saveModel')
#8 D:\Public_html\yii-1.1.14.f0fee9\framework\web\CWebApplication.php(141): CWebApplication->runController('User/saveModel')
#9 D:\Public_html\yii-1.1.14.f0fee9\framework\base\CApplication.php(180): CWebApplication->processRequest()
#10 D:\Public_html\yiitest2\index.php(13): CApplication->run()
#11 {main}
REQUEST_URI=/yiitest2/index.php?r=User/saveModel&id=1
HTTP_REFERER=http://localhost/yiitest2/index.php?r=user/admin
---
2014/05/10 05:13:08 [error] [exception.CHttpException.403] exception 'CHttpException' with message 'You are not authorized to perform this action.' in D:\Public_html\yii-1.1.14.f0fee9\framework\web\auth\CAccessControlFilter.php:182
Stack trace:
#0 D:\Public_html\yii-1.1.14.f0fee9\framework\web\auth\CAccessControlFilter.php(145): CAccessControlFilter->accessDenied(Object(CWebUser), 'You are not aut...')
#1 D:\Public_html\yii-1.1.14.f0fee9\framework\web\filters\CFilter.php(38): CAccessControlFilter->preFilter(Object(CFilterChain))
#2 D:\Public_html\yii-1.1.14.f0fee9\framework\web\CController.php(1145): CFilter->filter(Object(CFilterChain))
#3 D:\Public_html\yii-1.1.14.f0fee9\framework\web\filters\CInlineFilter.php(58): CController->filterAccessControl(Object(CFilterChain))
#4 D:\Public_html\yii-1.1.14.f0fee9\framework\web\filters\CFilterChain.php(130): CInlineFilter->filter(Object(CFilterChain))
#5 D:\Public_html\yii-1.1.14.f0fee9\framework\web\CController.php(291): CFilterChain->run()
#6 D:\Public_html\yii-1.1.14.f0fee9\framework\web\CController.php(265): CController->runActionWithFilters(Object(CInlineAction), Array)
#7 D:\Public_html\yii-1.1.14.f0fee9\framework\web\CWebApplication.php(282): CController->run('saveModel')
#8 D:\Public_html\yii-1.1.14.f0fee9\framework\web\CWebApplication.php(141): CWebApplication->runController('User/saveModel')
#9 D:\Public_html\yii-1.1.14.f0fee9\framework\base\CApplication.php(180): CWebApplication->processRequest()
#10 D:\Public_html\yiitest2\index.php(13): CApplication->run()
#11 {main}
REQUEST_URI=/yiitest2/index.php?r=User/saveModel&id=1
HTTP_REFERER=http://localhost/yiitest2/index.php?r=user/admin
---
2014/05/10 05:13:52 [error] [php] include(TheModel.php): failed to open stream: No such file or directory (D:\Public_html\yii-1.1.14.f0fee9\framework\YiiBase.php:427)
Stack trace:
#0 D:\Public_html\yiitest2\protected\controllers\UserController.php(164): spl_autoload_call()
#1 unknown(0): UserController->actionSaveModel()
#2 D:\Public_html\yii-1.1.14.f0fee9\framework\web\actions\CAction.php(108): ReflectionMethod->invokeArgs()
#3 D:\Public_html\yii-1.1.14.f0fee9\framework\web\actions\CInlineAction.php(47): CInlineAction->runWithParamsInternal()
#4 D:\Public_html\yii-1.1.14.f0fee9\framework\web\CController.php(308): CInlineAction->runWithParams()
#5 D:\Public_html\yii-1.1.14.f0fee9\framework\web\filters\CFilterChain.php(133): UserController->runAction()
#6 D:\Public_html\yii-1.1.14.f0fee9\framework\web\filters\CFilter.php(40): CFilterChain->run()
#7 D:\Public_html\yii-1.1.14.f0fee9\framework\web\CController.php(1145): CAccessControlFilter->filter()
#8 D:\Public_html\yii-1.1.14.f0fee9\framework\web\filters\CInlineFilter.php(58): UserController->filterAccessControl()
#9 D:\Public_html\yii-1.1.14.f0fee9\framework\web\filters\CFilterChain.php(130): CInlineFilter->filter()
#10 D:\Public_html\yii-1.1.14.f0fee9\framework\web\CController.php(291): CFilterChain->run()
#11 D:\Public_html\yii-1.1.14.f0fee9\framework\web\CController.php(265): UserController->runActionWithFilters()
#12 D:\Public_html\yii-1.1.14.f0fee9\framework\web\CWebApplication.php(282): UserController->run()
#13 D:\Public_html\yii-1.1.14.f0fee9\framework\web\CWebApplication.php(141): CWebApplication->runController()
#14 D:\Public_html\yii-1.1.14.f0fee9\framework\base\CApplication.php(180): CWebApplication->processRequest()
#15 D:\Public_html\yiitest2\index.php(13): CWebApplication->run()
REQUEST_URI=/yiitest2/index.php?r=User/saveModel&id=1
in D:\Public_html\yiitest2\protected\controllers\UserController.php (164)
in D:\Public_html\yiitest2\index.php (13)
2014/05/10 05:14:18 [error] [php] Undefined index: User (D:\Public_html\yiitest2\protected\controllers\UserController.php:163)
Stack trace:
#0 D:\Public_html\yii-1.1.14.f0fee9\framework\web\actions\CInlineAction.php(47): CInlineAction->runWithParamsInternal()
#1 D:\Public_html\yii-1.1.14.f0fee9\framework\web\CController.php(308): CInlineAction->runWithParams()
#2 D:\Public_html\yii-1.1.14.f0fee9\framework\web\filters\CFilterChain.php(133): UserController->runAction()
#3 D:\Public_html\yii-1.1.14.f0fee9\framework\web\filters\CFilter.php(40): CFilterChain->run()
#4 D:\Public_html\yii-1.1.14.f0fee9\framework\web\CController.php(1145): CAccessControlFilter->filter()
#5 D:\Public_html\yii-1.1.14.f0fee9\framework\web\filters\CInlineFilter.php(58): UserController->filterAccessControl()
#6 D:\Public_html\yii-1.1.14.f0fee9\framework\web\filters\CFilterChain.php(130): CInlineFilter->filter()
#7 D:\Public_html\yii-1.1.14.f0fee9\framework\web\CController.php(291): CFilterChain->run()
#8 D:\Public_html\yii-1.1.14.f0fee9\framework\web\CController.php(265): UserController->runActionWithFilters()
#9 D:\Public_html\yii-1.1.14.f0fee9\framework\web\CWebApplication.php(282): UserController->run()
#10 D:\Public_html\yii-1.1.14.f0fee9\framework\web\CWebApplication.php(141): CWebApplication->runController()
#11 D:\Public_html\yii-1.1.14.f0fee9\framework\base\CApplication.php(180): CWebApplication->processRequest()
#12 D:\Public_html\yiitest2\index.php(13): CWebApplication->run()
REQUEST_URI=/yiitest2/index.php?r=User/saveModel&id=1
in D:\Public_html\yiitest2\protected\controllers\UserController.php (163)
in D:\Public_html\yiitest2\index.php (13)
2014/05/10 05:14:53 [error] [php] Undefined index: User (D:\Public_html\yiitest2\protected\controllers\UserController.php:163)
Stack trace:
#0 D:\Public_html\yii-1.1.14.f0fee9\framework\web\actions\CInlineAction.php(47): CInlineAction->runWithParamsInternal()
#1 D:\Public_html\yii-1.1.14.f0fee9\framework\web\CController.php(308): CInlineAction->runWithParams()
#2 D:\Public_html\yii-1.1.14.f0fee9\framework\web\filters\CFilterChain.php(133): UserController->runAction()
#3 D:\Public_html\yii-1.1.14.f0fee9\framework\web\filters\CFilter.php(40): CFilterChain->run()
#4 D:\Public_html\yii-1.1.14.f0fee9\framework\web\CController.php(1145): CAccessControlFilter->filter()
#5 D:\Public_html\yii-1.1.14.f0fee9\framework\web\filters\CInlineFilter.php(58): UserController->filterAccessControl()
#6 D:\Public_html\yii-1.1.14.f0fee9\framework\web\filters\CFilterChain.php(130): CInlineFilter->filter()
#7 D:\Public_html\yii-1.1.14.f0fee9\framework\web\CController.php(291): CFilterChain->run()
#8 D:\Public_html\yii-1.1.14.f0fee9\framework\web\CController.php(265): UserController->runActionWithFilters()
#9 D:\Public_html\yii-1.1.14.f0fee9\framework\web\CWebApplication.php(282): UserController->run()
#10 D:\Public_html\yii-1.1.14.f0fee9\framework\web\CWebApplication.php(141): CWebApplication->runController()
#11 D:\Public_html\yii-1.1.14.f0fee9\framework\base\CApplication.php(180): CWebApplication->processRequest()
#12 D:\Public_html\yiitest2\index.php(13): CWebApplication->run()
REQUEST_URI=/yiitest2/index.php?r=User/saveModel&id=1
in D:\Public_html\yiitest2\protected\controllers\UserController.php (163)
in D:\Public_html\yiitest2\index.php (13)
2014/05/10 05:14:59 [error] [php] Undefined index: User (D:\Public_html\yiitest2\protected\controllers\UserController.php:163)
Stack trace:
#0 D:\Public_html\yii-1.1.14.f0fee9\framework\web\actions\CInlineAction.php(47): CInlineAction->runWithParamsInternal()
#1 D:\Public_html\yii-1.1.14.f0fee9\framework\web\CController.php(308): CInlineAction->runWithParams()
#2 D:\Public_html\yii-1.1.14.f0fee9\framework\web\filters\CFilterChain.php(133): UserController->runAction()
#3 D:\Public_html\yii-1.1.14.f0fee9\framework\web\filters\CFilter.php(40): CFilterChain->run()
#4 D:\Public_html\yii-1.1.14.f0fee9\framework\web\CController.php(1145): CAccessControlFilter->filter()
#5 D:\Public_html\yii-1.1.14.f0fee9\framework\web\filters\CInlineFilter.php(58): UserController->filterAccessControl()
#6 D:\Public_html\yii-1.1.14.f0fee9\framework\web\filters\CFilterChain.php(130): CInlineFilter->filter()
#7 D:\Public_html\yii-1.1.14.f0fee9\framework\web\CController.php(291): CFilterChain->run()
#8 D:\Public_html\yii-1.1.14.f0fee9\framework\web\CController.php(265): UserController->runActionWithFilters()
#9 D:\Public_html\yii-1.1.14.f0fee9\framework\web\CWebApplication.php(282): UserController->run()
#10 D:\Public_html\yii-1.1.14.f0fee9\framework\web\CWebApplication.php(141): CWebApplication->runController()
#11 D:\Public_html\yii-1.1.14.f0fee9\framework\base\CApplication.php(180): CWebApplication->processRequest()
#12 D:\Public_html\yiitest2\index.php(13): CWebApplication->run()
REQUEST_URI=/yiitest2/index.php?r=user/saveModel&id=1
in D:\Public_html\yiitest2\protected\controllers\UserController.php (163)
in D:\Public_html\yiitest2\index.php (13)
2014/05/10 05:15:34 [error] [php] Undefined index: User (D:\Public_html\yiitest2\protected\controllers\UserController.php:164)
Stack trace:
#0 D:\Public_html\yii-1.1.14.f0fee9\framework\web\actions\CInlineAction.php(47): CInlineAction->runWithParamsInternal()
#1 D:\Public_html\yii-1.1.14.f0fee9\framework\web\CController.php(308): CInlineAction->runWithParams()
#2 D:\Public_html\yii-1.1.14.f0fee9\framework\web\filters\CFilterChain.php(133): UserController->runAction()
#3 D:\Public_html\yii-1.1.14.f0fee9\framework\web\filters\CFilter.php(40): CFilterChain->run()
#4 D:\Public_html\yii-1.1.14.f0fee9\framework\web\CController.php(1145): CAccessControlFilter->filter()
#5 D:\Public_html\yii-1.1.14.f0fee9\framework\web\filters\CInlineFilter.php(58): UserController->filterAccessControl()
#6 D:\Public_html\yii-1.1.14.f0fee9\framework\web\filters\CFilterChain.php(130): CInlineFilter->filter()
#7 D:\Public_html\yii-1.1.14.f0fee9\framework\web\CController.php(291): CFilterChain->run()
#8 D:\Public_html\yii-1.1.14.f0fee9\framework\web\CController.php(265): UserController->runActionWithFilters()
#9 D:\Public_html\yii-1.1.14.f0fee9\framework\web\CWebApplication.php(282): UserController->run()
#10 D:\Public_html\yii-1.1.14.f0fee9\framework\web\CWebApplication.php(141): CWebApplication->runController()
#11 D:\Public_html\yii-1.1.14.f0fee9\framework\base\CApplication.php(180): CWebApplication->processRequest()
#12 D:\Public_html\yiitest2\index.php(13): CWebApplication->run()
REQUEST_URI=/yiitest2/index.php?r=User/saveModel&id=1
in D:\Public_html\yiitest2\protected\controllers\UserController.php (164)
in D:\Public_html\yiitest2\index.php (13)
2014/05/10 06:37:03 [error] [php] Undefined variable: dataProvider (D:\Public_html\yiitest2\protected\views\user\admin.php:63)
Stack trace:
#0 D:\Public_html\yii-1.1.14.f0fee9\framework\web\CController.php(869): UserController->renderFile()
#1 D:\Public_html\yii-1.1.14.f0fee9\framework\web\CController.php(782): UserController->renderPartial()
#2 D:\Public_html\yiitest2\protected\controllers\UserController.php(133): UserController->render()
#3 D:\Public_html\yii-1.1.14.f0fee9\framework\web\actions\CInlineAction.php(49): UserController->actionAdmin()
#4 D:\Public_html\yii-1.1.14.f0fee9\framework\web\CController.php(308): CInlineAction->runWithParams()
#5 D:\Public_html\yii-1.1.14.f0fee9\framework\web\filters\CFilterChain.php(133): UserController->runAction()
#6 D:\Public_html\yii-1.1.14.f0fee9\framework\web\filters\CFilter.php(40): CFilterChain->run()
#7 D:\Public_html\yii-1.1.14.f0fee9\framework\web\CController.php(1145): CAccessControlFilter->filter()
#8 D:\Public_html\yii-1.1.14.f0fee9\framework\web\filters\CInlineFilter.php(58): UserController->filterAccessControl()
#9 D:\Public_html\yii-1.1.14.f0fee9\framework\web\filters\CFilterChain.php(130): CInlineFilter->filter()
#10 D:\Public_html\yii-1.1.14.f0fee9\framework\web\CController.php(291): CFilterChain->run()
#11 D:\Public_html\yii-1.1.14.f0fee9\framework\web\CController.php(265): UserController->runActionWithFilters()
#12 D:\Public_html\yii-1.1.14.f0fee9\framework\web\CWebApplication.php(282): UserController->run()
#13 D:\Public_html\yii-1.1.14.f0fee9\framework\web\CWebApplication.php(141): CWebApplication->runController()
#14 D:\Public_html\yii-1.1.14.f0fee9\framework\base\CApplication.php(180): CWebApplication->processRequest()
#15 D:\Public_html\yiitest2\index.php(13): CWebApplication->run()
REQUEST_URI=/yiitest2/index.php?r=user/admin
in D:\Public_html\yiitest2\protected\views\user\admin.php (63)
in D:\Public_html\yiitest2\protected\controllers\UserController.php (133)
in D:\Public_html\yiitest2\index.php (13)
2014/05/10 07:02:16 [error] [php] Undefined variable: data (D:\Public_html\yiitest2\protected\views\user\admin.php:55)
Stack trace:
#0 D:\Public_html\yii-1.1.14.f0fee9\framework\web\CController.php(869): UserController->renderFile()
#1 D:\Public_html\yii-1.1.14.f0fee9\framework\web\CController.php(782): UserController->renderPartial()
#2 D:\Public_html\yiitest2\protected\controllers\UserController.php(133): UserController->render()
#3 D:\Public_html\yii-1.1.14.f0fee9\framework\web\actions\CInlineAction.php(49): UserController->actionAdmin()
#4 D:\Public_html\yii-1.1.14.f0fee9\framework\web\CController.php(308): CInlineAction->runWithParams()
#5 D:\Public_html\yii-1.1.14.f0fee9\framework\web\filters\CFilterChain.php(133): UserController->runAction()
#6 D:\Public_html\yii-1.1.14.f0fee9\framework\web\filters\CFilter.php(40): CFilterChain->run()
#7 D:\Public_html\yii-1.1.14.f0fee9\framework\web\CController.php(1145): CAccessControlFilter->filter()
#8 D:\Public_html\yii-1.1.14.f0fee9\framework\web\filters\CInlineFilter.php(58): UserController->filterAccessControl()
#9 D:\Public_html\yii-1.1.14.f0fee9\framework\web\filters\CFilterChain.php(130): CInlineFilter->filter()
#10 D:\Public_html\yii-1.1.14.f0fee9\framework\web\CController.php(291): CFilterChain->run()
#11 D:\Public_html\yii-1.1.14.f0fee9\framework\web\CController.php(265): UserController->runActionWithFilters()
#12 D:\Public_html\yii-1.1.14.f0fee9\framework\web\CWebApplication.php(282): UserController->run()
#13 D:\Public_html\yii-1.1.14.f0fee9\framework\web\CWebApplication.php(141): CWebApplication->runController()
#14 D:\Public_html\yii-1.1.14.f0fee9\framework\base\CApplication.php(180): CWebApplication->processRequest()
#15 D:\Public_html\yiitest2\index.php(13): CWebApplication->run()
REQUEST_URI=/yiitest2/index.php?r=user/admin
in D:\Public_html\yiitest2\protected\views\user\admin.php (55)
in D:\Public_html\yiitest2\protected\controllers\UserController.php (133)
in D:\Public_html\yiitest2\index.php (13)
2014/05/10 07:03:16 [error] [php] Use of undefined constant test - assumed 'test' (D:\Public_html\yii-1.1.14.f0fee9\framework\base\CComponent.php(612) : eval()'d code:1)
Stack trace:
#0 D:\Public_html\yii-1.1.14.f0fee9\framework\zii\widgets\grid\CGridColumn.php(151): CDataColumn->renderDataCellContent()
#1 D:\Public_html\yii-1.1.14.f0fee9\framework\zii\widgets\grid\CGridView.php(616): CDataColumn->renderDataCell()
#2 D:\Public_html\yii-1.1.14.f0fee9\framework\zii\widgets\grid\CGridView.php(572): CGridView->renderTableRow()
#3 D:\Public_html\yii-1.1.14.f0fee9\framework\zii\widgets\grid\CGridView.php(482): CGridView->renderTableBody()
#4 D:\Public_html\yii-1.1.14.f0fee9\framework\zii\widgets\CBaseListView.php(167): CGridView->renderItems()
#5 unknown(0): CGridView->renderSection()
#6 D:\Public_html\yii-1.1.14.f0fee9\framework\zii\widgets\CBaseListView.php(150): preg_replace_callback()
#7 D:\Public_html\yii-1.1.14.f0fee9\framework\zii\widgets\CBaseListView.php(135): CGridView->renderContent()
#8 D:\Public_html\yii-1.1.14.f0fee9\framework\web\CBaseController.php(173): CGridView->run()
#9 D:\Public_html\yiitest2\protected\views\user\admin.php(66): UserController->widget()
#10 D:\Public_html\yii-1.1.14.f0fee9\framework\web\CBaseController.php(126): require()
#11 D:\Public_html\yii-1.1.14.f0fee9\framework\web\CBaseController.php(95): UserController->renderInternal()
#12 D:\Public_html\yii-1.1.14.f0fee9\framework\web\CController.php(869): UserController->renderFile()
#13 D:\Public_html\yii-1.1.14.f0fee9\framework\web\CController.php(782): UserController->renderPartial()
#14 D:\Public_html\yiitest2\protected\controllers\UserController.php(133): UserController->render()
#15 D:\Public_html\yii-1.1.14.f0fee9\framework\web\actions\CInlineAction.php(49): UserController->actionAdmin()
#16 D:\Public_html\yii-1.1.14.f0fee9\framework\web\CController.php(308): CInlineAction->runWithParams()
#17 D:\Public_html\yii-1.1.14.f0fee9\framework\web\filters\CFilterChain.php(133): UserController->runAction()
#18 D:\Public_html\yii-1.1.14.f0fee9\framework\web\filters\CFilter.php(40): CFilterChain->run()
#19 D:\Public_html\yii-1.1.14.f0fee9\framework\web\CController.php(1145): CAccessControlFilter->filter()
#20 D:\Public_html\yii-1.1.14.f0fee9\framework\web\filters\CInlineFilter.php(58): UserController->filterAccessControl()
#21 D:\Public_html\yii-1.1.14.f0fee9\framework\web\filters\CFilterChain.php(130): CInlineFilter->filter()
#22 D:\Public_html\yii-1.1.14.f0fee9\framework\web\CController.php(291): CFilterChain->run()
#23 D:\Public_html\yii-1.1.14.f0fee9\framework\web\CController.php(265): UserController->runActionWithFilters()
#24 D:\Public_html\yii-1.1.14.f0fee9\framework\web\CWebApplication.php(282): UserController->run()
#25 D:\Public_html\yii-1.1.14.f0fee9\framework\web\CWebApplication.php(141): CWebApplication->runController()
#26 D:\Public_html\yii-1.1.14.f0fee9\framework\base\CApplication.php(180): CWebApplication->processRequest()
#27 D:\Public_html\yiitest2\index.php(13): CWebApplication->run()
REQUEST_URI=/yiitest2/index.php?r=user/admin
in D:\Public_html\yiitest2\protected\views\user\admin.php (66)
in D:\Public_html\yiitest2\protected\controllers\UserController.php (133)
in D:\Public_html\yiitest2\index.php (13)
2014/05/10 07:04:52 [error] [php] Undefined variable: data (D:\Public_html\yiitest2\protected\views\user\admin.php:75)
Stack trace:
#0 D:\Public_html\yii-1.1.14.f0fee9\framework\web\CController.php(869): UserController->renderFile()
#1 D:\Public_html\yii-1.1.14.f0fee9\framework\web\CController.php(782): UserController->renderPartial()
#2 D:\Public_html\yiitest2\protected\controllers\UserController.php(133): UserController->render()
#3 D:\Public_html\yii-1.1.14.f0fee9\framework\web\actions\CInlineAction.php(49): UserController->actionAdmin()
#4 D:\Public_html\yii-1.1.14.f0fee9\framework\web\CController.php(308): CInlineAction->runWithParams()
#5 D:\Public_html\yii-1.1.14.f0fee9\framework\web\filters\CFilterChain.php(133): UserController->runAction()
#6 D:\Public_html\yii-1.1.14.f0fee9\framework\web\filters\CFilter.php(40): CFilterChain->run()
#7 D:\Public_html\yii-1.1.14.f0fee9\framework\web\CController.php(1145): CAccessControlFilter->filter()
#8 D:\Public_html\yii-1.1.14.f0fee9\framework\web\filters\CInlineFilter.php(58): UserController->filterAccessControl()
#9 D:\Public_html\yii-1.1.14.f0fee9\framework\web\filters\CFilterChain.php(130): CInlineFilter->filter()
#10 D:\Public_html\yii-1.1.14.f0fee9\framework\web\CController.php(291): CFilterChain->run()
#11 D:\Public_html\yii-1.1.14.f0fee9\framework\web\CController.php(265): UserController->runActionWithFilters()
#12 D:\Public_html\yii-1.1.14.f0fee9\framework\web\CWebApplication.php(282): UserController->run()
#13 D:\Public_html\yii-1.1.14.f0fee9\framework\web\CWebApplication.php(141): CWebApplication->runController()
#14 D:\Public_html\yii-1.1.14.f0fee9\framework\base\CApplication.php(180): CWebApplication->processRequest()
#15 D:\Public_html\yiitest2\index.php(13): CWebApplication->run()
REQUEST_URI=/yiitest2/index.php?r=user/admin
in D:\Public_html\yiitest2\protected\views\user\admin.php (75)
in D:\Public_html\yiitest2\protected\controllers\UserController.php (133)
in D:\Public_html\yiitest2\index.php (13)
2014/05/10 07:05:06 [error] [php] Undefined variable: data (D:\Public_html\yiitest2\protected\views\user\admin.php:75)
Stack trace:
#0 D:\Public_html\yii-1.1.14.f0fee9\framework\web\CController.php(869): UserController->renderFile()
#1 D:\Public_html\yii-1.1.14.f0fee9\framework\web\CController.php(782): UserController->renderPartial()
#2 D:\Public_html\yiitest2\protected\controllers\UserController.php(133): UserController->render()
#3 D:\Public_html\yii-1.1.14.f0fee9\framework\web\actions\CInlineAction.php(49): UserController->actionAdmin()
#4 D:\Public_html\yii-1.1.14.f0fee9\framework\web\CController.php(308): CInlineAction->runWithParams()
#5 D:\Public_html\yii-1.1.14.f0fee9\framework\web\filters\CFilterChain.php(133): UserController->runAction()
#6 D:\Public_html\yii-1.1.14.f0fee9\framework\web\filters\CFilter.php(40): CFilterChain->run()
#7 D:\Public_html\yii-1.1.14.f0fee9\framework\web\CController.php(1145): CAccessControlFilter->filter()
#8 D:\Public_html\yii-1.1.14.f0fee9\framework\web\filters\CInlineFilter.php(58): UserController->filterAccessControl()
#9 D:\Public_html\yii-1.1.14.f0fee9\framework\web\filters\CFilterChain.php(130): CInlineFilter->filter()
#10 D:\Public_html\yii-1.1.14.f0fee9\framework\web\CController.php(291): CFilterChain->run()
#11 D:\Public_html\yii-1.1.14.f0fee9\framework\web\CController.php(265): UserController->runActionWithFilters()
#12 D:\Public_html\yii-1.1.14.f0fee9\framework\web\CWebApplication.php(282): UserController->run()
#13 D:\Public_html\yii-1.1.14.f0fee9\framework\web\CWebApplication.php(141): CWebApplication->runController()
#14 D:\Public_html\yii-1.1.14.f0fee9\framework\base\CApplication.php(180): CWebApplication->processRequest()
#15 D:\Public_html\yiitest2\index.php(13): CWebApplication->run()
REQUEST_URI=/yiitest2/index.php?r=user/admin
in D:\Public_html\yiitest2\protected\views\user\admin.php (75)
in D:\Public_html\yiitest2\protected\controllers\UserController.php (133)
in D:\Public_html\yiitest2\index.php (13)
2014/05/10 07:13:03 [error] [php] Undefined variable: model (D:\Public_html\yii-1.1.14.f0fee9\framework\base\CComponent.php(612) : eval()'d code:1)
Stack trace:
#0 D:\Public_html\yii-1.1.14.f0fee9\framework\zii\widgets\grid\CButtonColumn.php(319): CButtonColumn->renderButton()
#1 D:\Public_html\yii-1.1.14.f0fee9\framework\zii\widgets\grid\CGridColumn.php(151): CButtonColumn->renderDataCellContent()
#2 D:\Public_html\yii-1.1.14.f0fee9\framework\zii\widgets\grid\CGridView.php(616): CButtonColumn->renderDataCell()
#3 D:\Public_html\yii-1.1.14.f0fee9\framework\zii\widgets\grid\CGridView.php(572): CGridView->renderTableRow()
#4 D:\Public_html\yii-1.1.14.f0fee9\framework\zii\widgets\grid\CGridView.php(482): CGridView->renderTableBody()
#5 D:\Public_html\yii-1.1.14.f0fee9\framework\zii\widgets\CBaseListView.php(167): CGridView->renderItems()
#6 unknown(0): CGridView->renderSection()
#7 D:\Public_html\yii-1.1.14.f0fee9\framework\zii\widgets\CBaseListView.php(150): preg_replace_callback()
#8 D:\Public_html\yii-1.1.14.f0fee9\framework\zii\widgets\CBaseListView.php(135): CGridView->renderContent()
#9 D:\Public_html\yii-1.1.14.f0fee9\framework\web\CBaseController.php(173): CGridView->run()
#10 D:\Public_html\yiitest2\protected\views\user\admin.php(71): UserController->widget()
#11 D:\Public_html\yii-1.1.14.f0fee9\framework\web\CBaseController.php(126): require()
#12 D:\Public_html\yii-1.1.14.f0fee9\framework\web\CBaseController.php(95): UserController->renderInternal()
#13 D:\Public_html\yii-1.1.14.f0fee9\framework\web\CController.php(869): UserController->renderFile()
#14 D:\Public_html\yii-1.1.14.f0fee9\framework\web\CController.php(782): UserController->renderPartial()
#15 D:\Public_html\yiitest2\protected\controllers\UserController.php(133): UserController->render()
#16 D:\Public_html\yii-1.1.14.f0fee9\framework\web\actions\CInlineAction.php(49): UserController->actionAdmin()
#17 D:\Public_html\yii-1.1.14.f0fee9\framework\web\CController.php(308): CInlineAction->runWithParams()
#18 D:\Public_html\yii-1.1.14.f0fee9\framework\web\filters\CFilterChain.php(133): UserController->runAction()
#19 D:\Public_html\yii-1.1.14.f0fee9\framework\web\filters\CFilter.php(40): CFilterChain->run()
#20 D:\Public_html\yii-1.1.14.f0fee9\framework\web\CController.php(1145): CAccessControlFilter->filter()
#21 D:\Public_html\yii-1.1.14.f0fee9\framework\web\filters\CInlineFilter.php(58): UserController->filterAccessControl()
#22 D:\Public_html\yii-1.1.14.f0fee9\framework\web\filters\CFilterChain.php(130): CInlineFilter->filter()
#23 D:\Public_html\yii-1.1.14.f0fee9\framework\web\CController.php(291): CFilterChain->run()
#24 D:\Public_html\yii-1.1.14.f0fee9\framework\web\CController.php(265): UserController->runActionWithFilters()
#25 D:\Public_html\yii-1.1.14.f0fee9\framework\web\CWebApplication.php(282): UserController->run()
#26 D:\Public_html\yii-1.1.14.f0fee9\framework\web\CWebApplication.php(141): CWebApplication->runController()
#27 D:\Public_html\yii-1.1.14.f0fee9\framework\base\CApplication.php(180): CWebApplication->processRequest()
#28 D:\Public_html\yiitest2\index.php(13): CWebApplication->run()
REQUEST_URI=/yiitest2/index.php?r=user/admin
in D:\Public_html\yiitest2\protected\views\user\admin.php (71)
in D:\Public_html\yiitest2\protected\controllers\UserController.php (133)
in D:\Public_html\yiitest2\index.php (13)
2014/05/10 07:15:46 [error] [php] Undefined variable: data (D:\Public_html\yiitest2\protected\views\user\admin.php:61)
Stack trace:
#0 D:\Public_html\yii-1.1.14.f0fee9\framework\web\CController.php(869): UserController->renderFile()
#1 D:\Public_html\yii-1.1.14.f0fee9\framework\web\CController.php(782): UserController->renderPartial()
#2 D:\Public_html\yiitest2\protected\controllers\UserController.php(133): UserController->render()
#3 D:\Public_html\yii-1.1.14.f0fee9\framework\web\actions\CInlineAction.php(49): UserController->actionAdmin()
#4 D:\Public_html\yii-1.1.14.f0fee9\framework\web\CController.php(308): CInlineAction->runWithParams()
#5 D:\Public_html\yii-1.1.14.f0fee9\framework\web\filters\CFilterChain.php(133): UserController->runAction()
#6 D:\Public_html\yii-1.1.14.f0fee9\framework\web\filters\CFilter.php(40): CFilterChain->run()
#7 D:\Public_html\yii-1.1.14.f0fee9\framework\web\CController.php(1145): CAccessControlFilter->filter()
#8 D:\Public_html\yii-1.1.14.f0fee9\framework\web\filters\CInlineFilter.php(58): UserController->filterAccessControl()
#9 D:\Public_html\yii-1.1.14.f0fee9\framework\web\filters\CFilterChain.php(130): CInlineFilter->filter()
#10 D:\Public_html\yii-1.1.14.f0fee9\framework\web\CController.php(291): CFilterChain->run()
#11 D:\Public_html\yii-1.1.14.f0fee9\framework\web\CController.php(265): UserController->runActionWithFilters()
#12 D:\Public_html\yii-1.1.14.f0fee9\framework\web\CWebApplication.php(282): UserController->run()
#13 D:\Public_html\yii-1.1.14.f0fee9\framework\web\CWebApplication.php(141): CWebApplication->runController()
#14 D:\Public_html\yii-1.1.14.f0fee9\framework\base\CApplication.php(180): CWebApplication->processRequest()
#15 D:\Public_html\yiitest2\index.php(13): CWebApplication->run()
REQUEST_URI=/yiitest2/index.php?r=user/admin
in D:\Public_html\yiitest2\protected\views\user\admin.php (61)
in D:\Public_html\yiitest2\protected\controllers\UserController.php (133)
in D:\Public_html\yiitest2\index.php (13)
2014/05/10 07:23:41 [error] [php] Undefined variable: data (D:\Public_html\yiitest2\protected\views\user\admin.php:55)
Stack trace:
#0 D:\Public_html\yii-1.1.14.f0fee9\framework\web\CController.php(869): UserController->renderFile()
#1 D:\Public_html\yii-1.1.14.f0fee9\framework\web\CController.php(782): UserController->renderPartial()
#2 D:\Public_html\yiitest2\protected\controllers\UserController.php(133): UserController->render()
#3 D:\Public_html\yii-1.1.14.f0fee9\framework\web\actions\CInlineAction.php(49): UserController->actionAdmin()
#4 D:\Public_html\yii-1.1.14.f0fee9\framework\web\CController.php(308): CInlineAction->runWithParams()
#5 D:\Public_html\yii-1.1.14.f0fee9\framework\web\filters\CFilterChain.php(133): UserController->runAction()
#6 D:\Public_html\yii-1.1.14.f0fee9\framework\web\filters\CFilter.php(40): CFilterChain->run()
#7 D:\Public_html\yii-1.1.14.f0fee9\framework\web\CController.php(1145): CAccessControlFilter->filter()
#8 D:\Public_html\yii-1.1.14.f0fee9\framework\web\filters\CInlineFilter.php(58): UserController->filterAccessControl()
#9 D:\Public_html\yii-1.1.14.f0fee9\framework\web\filters\CFilterChain.php(130): CInlineFilter->filter()
#10 D:\Public_html\yii-1.1.14.f0fee9\framework\web\CController.php(291): CFilterChain->run()
#11 D:\Public_html\yii-1.1.14.f0fee9\framework\web\CController.php(265): UserController->runActionWithFilters()
#12 D:\Public_html\yii-1.1.14.f0fee9\framework\web\CWebApplication.php(282): UserController->run()
#13 D:\Public_html\yii-1.1.14.f0fee9\framework\web\CWebApplication.php(141): CWebApplication->runController()
#14 D:\Public_html\yii-1.1.14.f0fee9\framework\base\CApplication.php(180): CWebApplication->processRequest()
#15 D:\Public_html\yiitest2\index.php(13): CWebApplication->run()
REQUEST_URI=/yiitest2/index.php?r=user/admin
in D:\Public_html\yiitest2\protected\views\user\admin.php (55)
in D:\Public_html\yiitest2\protected\controllers\UserController.php (133)
in D:\Public_html\yiitest2\index.php (13)
2014/05/10 07:26:13 [error] [exception.CException] exception 'CException' with message 'Property "User.aa" is not defined.' in D:\Public_html\yii-1.1.14.f0fee9\framework\base\CComponent.php:130
Stack trace:
#0 D:\Public_html\yii-1.1.14.f0fee9\framework\db\ar\CActiveRecord.php(145): CComponent->__get('aa')
#1 D:\Public_html\yii-1.1.14.f0fee9\framework\web\helpers\CHtml.php(2529): CActiveRecord->__get('aa')
#2 D:\Public_html\yii-1.1.14.f0fee9\framework\web\helpers\CHtml.php(2252): CHtml::resolveValue(Object(User), 'aa')
#3 D:\Public_html\yii-1.1.14.f0fee9\framework\web\helpers\CHtml.php(1434): CHtml::activeInputField('text', Object(User), 'aa', Array)
#4 D:\Public_html\yii-1.1.14.f0fee9\framework\zii\widgets\grid\CDataColumn.php(103): CHtml::activeTextField(Object(User), 'aa', Array)
#5 D:\Public_html\yii-1.1.14.f0fee9\framework\zii\widgets\grid\CGridColumn.php(116): CDataColumn->renderFilterCellContent()
#6 D:\Public_html\yii-1.1.14.f0fee9\framework\zii\widgets\grid\CGridView.php(532): CGridColumn->renderFilterCell()
#7 D:\Public_html\yii-1.1.14.f0fee9\framework\zii\widgets\grid\CGridView.php(510): CGridView->renderFilter()
#8 D:\Public_html\yii-1.1.14.f0fee9\framework\zii\widgets\grid\CGridView.php(480): CGridView->renderTableHeader()
#9 D:\Public_html\yii-1.1.14.f0fee9\framework\zii\widgets\CBaseListView.php(167): CGridView->renderItems()
#10 [internal function]: CBaseListView->renderSection(Array)
#11 D:\Public_html\yii-1.1.14.f0fee9\framework\zii\widgets\CBaseListView.php(150): preg_replace_callback('/{(\w+)}/', Array, '{summary}?{item...')
#12 D:\Public_html\yii-1.1.14.f0fee9\framework\zii\widgets\CBaseListView.php(135): CBaseListView->renderContent()
#13 D:\Public_html\yii-1.1.14.f0fee9\framework\web\CBaseController.php(173): CBaseListView->run()
#14 D:\Public_html\yiitest2\protected\views\user\admin.php(66): CBaseController->widget('zii.widgets.gri...', Array)
#15 D:\Public_html\yii-1.1.14.f0fee9\framework\web\CBaseController.php(126): require('D:\Public_html\...')
#16 D:\Public_html\yii-1.1.14.f0fee9\framework\web\CBaseController.php(95): CBaseController->renderInternal('D:\Public_html\...', Array, true)
#17 D:\Public_html\yii-1.1.14.f0fee9\framework\web\CController.php(869): CBaseController->renderFile('D:\Public_html\...', Array, true)
#18 D:\Public_html\yii-1.1.14.f0fee9\framework\web\CController.php(782): CController->renderPartial('admin', Array, true)
#19 D:\Public_html\yiitest2\protected\controllers\UserController.php(133): CController->render('admin', Array)
#20 D:\Public_html\yii-1.1.14.f0fee9\framework\web\actions\CInlineAction.php(49): UserController->actionAdmin()
#21 D:\Public_html\yii-1.1.14.f0fee9\framework\web\CController.php(308): CInlineAction->runWithParams(Array)
#22 D:\Public_html\yii-1.1.14.f0fee9\framework\web\filters\CFilterChain.php(133): CController->runAction(Object(CInlineAction))
#23 D:\Public_html\yii-1.1.14.f0fee9\framework\web\filters\CFilter.php(40): CFilterChain->run()
#24 D:\Public_html\yii-1.1.14.f0fee9\framework\web\CController.php(1145): CFilter->filter(Object(CFilterChain))
#25 D:\Public_html\yii-1.1.14.f0fee9\framework\web\filters\CInlineFilter.php(58): CController->filterAccessControl(Object(CFilterChain))
#26 D:\Public_html\yii-1.1.14.f0fee9\framework\web\filters\CFilterChain.php(130): CInlineFilter->filter(Object(CFilterChain))
#27 D:\Public_html\yii-1.1.14.f0fee9\framework\web\CController.php(291): CFilterChain->run()
#28 D:\Public_html\yii-1.1.14.f0fee9\framework\web\CController.php(265): CController->runActionWithFilters(Object(CInlineAction), Array)
#29 D:\Public_html\yii-1.1.14.f0fee9\framework\web\CWebApplication.php(282): CController->run('admin')
#30 D:\Public_html\yii-1.1.14.f0fee9\framework\web\CWebApplication.php(141): CWebApplication->runController('user/admin')
#31 D:\Public_html\yii-1.1.14.f0fee9\framework\base\CApplication.php(180): CWebApplication->processRequest()
#32 D:\Public_html\yiitest2\index.php(13): CApplication->run()
#33 {main}
REQUEST_URI=/yiitest2/index.php?r=user/admin
---
2014/05/10 07:32:02 [error] [exception.CHttpException.404] exception 'CHttpException' with message 'The requested page does not exist.' in D:\Public_html\yiitest2\protected\controllers\UserController.php:146
Stack trace:
#0 D:\Public_html\yiitest2\protected\controllers\UserController.php(83): UserController->loadModel('2')
#1 [internal function]: UserController->actionUpdate('2')
#2 D:\Public_html\yii-1.1.14.f0fee9\framework\web\actions\CAction.php(108): ReflectionMethod->invokeArgs(Object(UserController), Array)
#3 D:\Public_html\yii-1.1.14.f0fee9\framework\web\actions\CInlineAction.php(47): CAction->runWithParamsInternal(Object(UserController), Object(ReflectionMethod), Array)
#4 D:\Public_html\yii-1.1.14.f0fee9\framework\web\CController.php(308): CInlineAction->runWithParams(Array)
#5 D:\Public_html\yii-1.1.14.f0fee9\framework\web\filters\CFilterChain.php(133): CController->runAction(Object(CInlineAction))
#6 D:\Public_html\yii-1.1.14.f0fee9\framework\web\filters\CFilter.php(40): CFilterChain->run()
#7 D:\Public_html\yii-1.1.14.f0fee9\framework\web\CController.php(1145): CFilter->filter(Object(CFilterChain))
#8 D:\Public_html\yii-1.1.14.f0fee9\framework\web\filters\CInlineFilter.php(58): CController->filterAccessControl(Object(CFilterChain))
#9 D:\Public_html\yii-1.1.14.f0fee9\framework\web\filters\CFilterChain.php(130): CInlineFilter->filter(Object(CFilterChain))
#10 D:\Public_html\yii-1.1.14.f0fee9\framework\web\CController.php(291): CFilterChain->run()
#11 D:\Public_html\yii-1.1.14.f0fee9\framework\web\CController.php(265): CController->runActionWithFilters(Object(CInlineAction), Array)
#12 D:\Public_html\yii-1.1.14.f0fee9\framework\web\CWebApplication.php(282): CController->run('update')
#13 D:\Public_html\yii-1.1.14.f0fee9\framework\web\CWebApplication.php(141): CWebApplication->runController('user/update')
#14 D:\Public_html\yii-1.1.14.f0fee9\framework\base\CApplication.php(180): CWebApplication->processRequest()
#15 D:\Public_html\yiitest2\index.php(13): CApplication->run()
#16 {main}
REQUEST_URI=/yiitest2/index.php?r=user/update&id=2
HTTP_REFERER=http://localhost/yiitest2/index.php?r=user/view&id=2
---
2014/05/10 07:32:05 [error] [exception.CHttpException.404] exception 'CHttpException' with message 'The requested page does not exist.' in D:\Public_html\yiitest2\protected\controllers\UserController.php:146
Stack trace:
#0 D:\Public_html\yiitest2\protected\controllers\UserController.php(83): UserController->loadModel('2')
#1 [internal function]: UserController->actionUpdate('2')
#2 D:\Public_html\yii-1.1.14.f0fee9\framework\web\actions\CAction.php(108): ReflectionMethod->invokeArgs(Object(UserController), Array)
#3 D:\Public_html\yii-1.1.14.f0fee9\framework\web\actions\CInlineAction.php(47): CAction->runWithParamsInternal(Object(UserController), Object(ReflectionMethod), Array)
#4 D:\Public_html\yii-1.1.14.f0fee9\framework\web\CController.php(308): CInlineAction->runWithParams(Array)
#5 D:\Public_html\yii-1.1.14.f0fee9\framework\web\filters\CFilterChain.php(133): CController->runAction(Object(CInlineAction))
#6 D:\Public_html\yii-1.1.14.f0fee9\framework\web\filters\CFilter.php(40): CFilterChain->run()
#7 D:\Public_html\yii-1.1.14.f0fee9\framework\web\CController.php(1145): CFilter->filter(Object(CFilterChain))
#8 D:\Public_html\yii-1.1.14.f0fee9\framework\web\filters\CInlineFilter.php(58): CController->filterAccessControl(Object(CFilterChain))
#9 D:\Public_html\yii-1.1.14.f0fee9\framework\web\filters\CFilterChain.php(130): CInlineFilter->filter(Object(CFilterChain))
#10 D:\Public_html\yii-1.1.14.f0fee9\framework\web\CController.php(291): CFilterChain->run()
#11 D:\Public_html\yii-1.1.14.f0fee9\framework\web\CController.php(265): CController->runActionWithFilters(Object(CInlineAction), Array)
#12 D:\Public_html\yii-1.1.14.f0fee9\framework\web\CWebApplication.php(282): CController->run('update')
#13 D:\Public_html\yii-1.1.14.f0fee9\framework\web\CWebApplication.php(141): CWebApplication->runController('user/update')
#14 D:\Public_html\yii-1.1.14.f0fee9\framework\base\CApplication.php(180): CWebApplication->processRequest()
#15 D:\Public_html\yiitest2\index.php(13): CApplication->run()
#16 {main}
REQUEST_URI=/yiitest2/index.php?r=user/update&id=2
HTTP_REFERER=http://localhost/yiitest2/index.php?r=user/view&id=2
---
2014/05/10 07:32:06 [error] [exception.CHttpException.404] exception 'CHttpException' with message 'The requested page does not exist.' in D:\Public_html\yiitest2\protected\controllers\UserController.php:146
Stack trace:
#0 D:\Public_html\yiitest2\protected\controllers\UserController.php(83): UserController->loadModel('2')
#1 [internal function]: UserController->actionUpdate('2')
#2 D:\Public_html\yii-1.1.14.f0fee9\framework\web\actions\CAction.php(108): ReflectionMethod->invokeArgs(Object(UserController), Array)
#3 D:\Public_html\yii-1.1.14.f0fee9\framework\web\actions\CInlineAction.php(47): CAction->runWithParamsInternal(Object(UserController), Object(ReflectionMethod), Array)
#4 D:\Public_html\yii-1.1.14.f0fee9\framework\web\CController.php(308): CInlineAction->runWithParams(Array)
#5 D:\Public_html\yii-1.1.14.f0fee9\framework\web\filters\CFilterChain.php(133): CController->runAction(Object(CInlineAction))
#6 D:\Public_html\yii-1.1.14.f0fee9\framework\web\filters\CFilter.php(40): CFilterChain->run()
#7 D:\Public_html\yii-1.1.14.f0fee9\framework\web\CController.php(1145): CFilter->filter(Object(CFilterChain))
#8 D:\Public_html\yii-1.1.14.f0fee9\framework\web\filters\CInlineFilter.php(58): CController->filterAccessControl(Object(CFilterChain))
#9 D:\Public_html\yii-1.1.14.f0fee9\framework\web\filters\CFilterChain.php(130): CInlineFilter->filter(Object(CFilterChain))
#10 D:\Public_html\yii-1.1.14.f0fee9\framework\web\CController.php(291): CFilterChain->run()
#11 D:\Public_html\yii-1.1.14.f0fee9\framework\web\CController.php(265): CController->runActionWithFilters(Object(CInlineAction), Array)
#12 D:\Public_html\yii-1.1.14.f0fee9\framework\web\CWebApplication.php(282): CController->run('update')
#13 D:\Public_html\yii-1.1.14.f0fee9\framework\web\CWebApplication.php(141): CWebApplication->runController('user/update')
#14 D:\Public_html\yii-1.1.14.f0fee9\framework\base\CApplication.php(180): CWebApplication->processRequest()
#15 D:\Public_html\yiitest2\index.php(13): CApplication->run()
#16 {main}
REQUEST_URI=/yiitest2/index.php?r=user/update&id=2
HTTP_REFERER=http://localhost/yiitest2/index.php?r=user/view&id=2
---
2014/05/10 07:34:49 [error] [php] Undefined variable: data (D:\Public_html\yiitest2\protected\views\user\admin.php:61)
Stack trace:
#0 D:\Public_html\yii-1.1.14.f0fee9\framework\web\CController.php(869): UserController->renderFile()
#1 D:\Public_html\yii-1.1.14.f0fee9\framework\web\CController.php(782): UserController->renderPartial()
#2 D:\Public_html\yiitest2\protected\controllers\UserController.php(133): UserController->render()
#3 D:\Public_html\yii-1.1.14.f0fee9\framework\web\actions\CInlineAction.php(49): UserController->actionAdmin()
#4 D:\Public_html\yii-1.1.14.f0fee9\framework\web\CController.php(308): CInlineAction->runWithParams()
#5 D:\Public_html\yii-1.1.14.f0fee9\framework\web\filters\CFilterChain.php(133): UserController->runAction()
#6 D:\Public_html\yii-1.1.14.f0fee9\framework\web\filters\CFilter.php(40): CFilterChain->run()
#7 D:\Public_html\yii-1.1.14.f0fee9\framework\web\CController.php(1145): CAccessControlFilter->filter()
#8 D:\Public_html\yii-1.1.14.f0fee9\framework\web\filters\CInlineFilter.php(58): UserController->filterAccessControl()
#9 D:\Public_html\yii-1.1.14.f0fee9\framework\web\filters\CFilterChain.php(130): CInlineFilter->filter()
#10 D:\Public_html\yii-1.1.14.f0fee9\framework\web\CController.php(291): CFilterChain->run()
#11 D:\Public_html\yii-1.1.14.f0fee9\framework\web\CController.php(265): UserController->runActionWithFilters()
#12 D:\Public_html\yii-1.1.14.f0fee9\framework\web\CWebApplication.php(282): UserController->run()
#13 D:\Public_html\yii-1.1.14.f0fee9\framework\web\CWebApplication.php(141): CWebApplication->runController()
#14 D:\Public_html\yii-1.1.14.f0fee9\framework\base\CApplication.php(180): CWebApplication->processRequest()
#15 D:\Public_html\yiitest2\index.php(13): CWebApplication->run()
REQUEST_URI=/yiitest2/index.php?r=user/admin
in D:\Public_html\yiitest2\protected\views\user\admin.php (61)
in D:\Public_html\yiitest2\protected\controllers\UserController.php (133)
in D:\Public_html\yiitest2\index.php (13)
2014/05/10 07:40:28 [error] [php] Undefined variable: dataProvider (D:\Public_html\yiitest2\protected\views\user\admin.php:64)
Stack trace:
#0 D:\Public_html\yii-1.1.14.f0fee9\framework\web\CController.php(869): UserController->renderFile()
#1 D:\Public_html\yii-1.1.14.f0fee9\framework\web\CController.php(782): UserController->renderPartial()
#2 D:\Public_html\yiitest2\protected\controllers\UserController.php(133): UserController->render()
#3 D:\Public_html\yii-1.1.14.f0fee9\framework\web\actions\CInlineAction.php(49): UserController->actionAdmin()
#4 D:\Public_html\yii-1.1.14.f0fee9\framework\web\CController.php(308): CInlineAction->runWithParams()
#5 D:\Public_html\yii-1.1.14.f0fee9\framework\web\filters\CFilterChain.php(133): UserController->runAction()
#6 D:\Public_html\yii-1.1.14.f0fee9\framework\web\filters\CFilter.php(40): CFilterChain->run()
#7 D:\Public_html\yii-1.1.14.f0fee9\framework\web\CController.php(1145): CAccessControlFilter->filter()
#8 D:\Public_html\yii-1.1.14.f0fee9\framework\web\filters\CInlineFilter.php(58): UserController->filterAccessControl()
#9 D:\Public_html\yii-1.1.14.f0fee9\framework\web\filters\CFilterChain.php(130): CInlineFilter->filter()
#10 D:\Public_html\yii-1.1.14.f0fee9\framework\web\CController.php(291): CFilterChain->run()
#11 D:\Public_html\yii-1.1.14.f0fee9\framework\web\CController.php(265): UserController->runActionWithFilters()
#12 D:\Public_html\yii-1.1.14.f0fee9\framework\web\CWebApplication.php(282): UserController->run()
#13 D:\Public_html\yii-1.1.14.f0fee9\framework\web\CWebApplication.php(141): CWebApplication->runController()
#14 D:\Public_html\yii-1.1.14.f0fee9\framework\base\CApplication.php(180): CWebApplication->processRequest()
#15 D:\Public_html\yiitest2\index.php(13): CWebApplication->run()
REQUEST_URI=/yiitest2/index.php?r=user/admin
in D:\Public_html\yiitest2\protected\views\user\admin.php (64)
in D:\Public_html\yiitest2\protected\controllers\UserController.php (133)
in D:\Public_html\yiitest2\index.php (13)
2014/05/10 07:40:45 [error] [php] Undefined variable: model (D:\Public_html\yii-1.1.14.f0fee9\framework\base\CComponent.php(612) : eval()'d code:1)
Stack trace:
#0 D:\Public_html\yii-1.1.14.f0fee9\framework\zii\widgets\grid\CGridColumn.php(151): CDataColumn->renderDataCellContent()
#1 D:\Public_html\yii-1.1.14.f0fee9\framework\zii\widgets\grid\CGridView.php(616): CDataColumn->renderDataCell()
#2 D:\Public_html\yii-1.1.14.f0fee9\framework\zii\widgets\grid\CGridView.php(572): CGridView->renderTableRow()
#3 D:\Public_html\yii-1.1.14.f0fee9\framework\zii\widgets\grid\CGridView.php(482): CGridView->renderTableBody()
#4 D:\Public_html\yii-1.1.14.f0fee9\framework\zii\widgets\CBaseListView.php(167): CGridView->renderItems()
#5 unknown(0): CGridView->renderSection()
#6 D:\Public_html\yii-1.1.14.f0fee9\framework\zii\widgets\CBaseListView.php(150): preg_replace_callback()
#7 D:\Public_html\yii-1.1.14.f0fee9\framework\zii\widgets\CBaseListView.php(135): CGridView->renderContent()
#8 D:\Public_html\yii-1.1.14.f0fee9\framework\web\CBaseController.php(173): CGridView->run()
#9 D:\Public_html\yiitest2\protected\views\user\admin.php(90): UserController->widget()
#10 D:\Public_html\yii-1.1.14.f0fee9\framework\web\CBaseController.php(126): require()
#11 D:\Public_html\yii-1.1.14.f0fee9\framework\web\CBaseController.php(95): UserController->renderInternal()
#12 D:\Public_html\yii-1.1.14.f0fee9\framework\web\CController.php(869): UserController->renderFile()
#13 D:\Public_html\yii-1.1.14.f0fee9\framework\web\CController.php(782): UserController->renderPartial()
#14 D:\Public_html\yiitest2\protected\controllers\UserController.php(133): UserController->render()
#15 D:\Public_html\yii-1.1.14.f0fee9\framework\web\actions\CInlineAction.php(49): UserController->actionAdmin()
#16 D:\Public_html\yii-1.1.14.f0fee9\framework\web\CController.php(308): CInlineAction->runWithParams()
#17 D:\Public_html\yii-1.1.14.f0fee9\framework\web\filters\CFilterChain.php(133): UserController->runAction()
#18 D:\Public_html\yii-1.1.14.f0fee9\framework\web\filters\CFilter.php(40): CFilterChain->run()
#19 D:\Public_html\yii-1.1.14.f0fee9\framework\web\CController.php(1145): CAccessControlFilter->filter()
#20 D:\Public_html\yii-1.1.14.f0fee9\framework\web\filters\CInlineFilter.php(58): UserController->filterAccessControl()
#21 D:\Public_html\yii-1.1.14.f0fee9\framework\web\filters\CFilterChain.php(130): CInlineFilter->filter()
#22 D:\Public_html\yii-1.1.14.f0fee9\framework\web\CController.php(291): CFilterChain->run()
#23 D:\Public_html\yii-1.1.14.f0fee9\framework\web\CController.php(265): UserController->runActionWithFilters()
#24 D:\Public_html\yii-1.1.14.f0fee9\framework\web\CWebApplication.php(282): UserController->run()
#25 D:\Public_html\yii-1.1.14.f0fee9\framework\web\CWebApplication.php(141): CWebApplication->runController()
#26 D:\Public_html\yii-1.1.14.f0fee9\framework\base\CApplication.php(180): CWebApplication->processRequest()
#27 D:\Public_html\yiitest2\index.php(13): CWebApplication->run()
REQUEST_URI=/yiitest2/index.php?r=user/admin
in D:\Public_html\yiitest2\protected\views\user\admin.php (90)
in D:\Public_html\yiitest2\protected\controllers\UserController.php (133)
in D:\Public_html\yiitest2\index.php (13)
2014/05/10 07:41:15 [error] [exception.CHttpException.404] exception 'CHttpException' with message 'Unable to resolve the request "yourController/saveModel".' in D:\Public_html\yii-1.1.14.f0fee9\framework\web\CWebApplication.php:286
Stack trace:
#0 D:\Public_html\yii-1.1.14.f0fee9\framework\web\CWebApplication.php(141): CWebApplication->runController('yourController/...')
#1 D:\Public_html\yii-1.1.14.f0fee9\framework\base\CApplication.php(180): CWebApplication->processRequest()
#2 D:\Public_html\yiitest2\index.php(13): CApplication->run()
#3 {main}
REQUEST_URI=/yiitest2/index.php?r=yourController/saveModel&id=1
HTTP_REFERER=http://localhost/yiitest2/index.php?r=user/admin
---
2014/05/10 07:41:41 [warning] [application] Failed to set unsafe attribute "id" of "User".
in D:\Public_html\yiitest2\protected\controllers\UserController.php (166)
in D:\Public_html\yiitest2\index.php (13)
2014/05/10 07:41:48 [warning] [application] Failed to set unsafe attribute "id" of "User".
in D:\Public_html\yiitest2\protected\controllers\UserController.php (166)
in D:\Public_html\yiitest2\index.php (13)
2014/05/10 07:41:51 [warning] [application] Failed to set unsafe attribute "id" of "User".
in D:\Public_html\yiitest2\protected\controllers\UserController.php (166)
in D:\Public_html\yiitest2\index.php (13)
2014/05/10 07:42:04 [warning] [application] Failed to set unsafe attribute "id" of "User".
in D:\Public_html\yiitest2\protected\controllers\UserController.php (166)
in D:\Public_html\yiitest2\index.php (13)
2014/05/12 05:16:30 [error] [exception.CException] exception 'CException' with message 'Property "User.ID" is not defined.' in D:\Public_html\yii-1.1.14.f0fee9\framework\base\CComponent.php:130
Stack trace:
#0 D:\Public_html\yii-1.1.14.f0fee9\framework\db\ar\CActiveRecord.php(145): CComponent->__get('ID')
#1 D:\Public_html\yii-1.1.14.f0fee9\framework\web\helpers\CHtml.php(2529): CActiveRecord->__get('ID')
#2 D:\Public_html\yii-1.1.14.f0fee9\framework\web\helpers\CHtml.php(2252): CHtml::resolveValue(Object(User), 'ID')
#3 D:\Public_html\yii-1.1.14.f0fee9\framework\web\helpers\CHtml.php(1434): CHtml::activeInputField('text', Object(User), 'ID', Array)
#4 D:\Public_html\yii-1.1.14.f0fee9\framework\zii\widgets\grid\CDataColumn.php(103): CHtml::activeTextField(Object(User), 'ID', Array)
#5 D:\Public_html\yii-1.1.14.f0fee9\framework\zii\widgets\grid\CGridColumn.php(116): CDataColumn->renderFilterCellContent()
#6 D:\Public_html\yii-1.1.14.f0fee9\framework\zii\widgets\grid\CGridView.php(532): CGridColumn->renderFilterCell()
#7 D:\Public_html\yii-1.1.14.f0fee9\framework\zii\widgets\grid\CGridView.php(510): CGridView->renderFilter()
#8 D:\Public_html\yii-1.1.14.f0fee9\framework\zii\widgets\grid\CGridView.php(480): CGridView->renderTableHeader()
#9 D:\Public_html\yii-1.1.14.f0fee9\framework\zii\widgets\CBaseListView.php(167): CGridView->renderItems()
#10 [internal function]: CBaseListView->renderSection(Array)
#11 D:\Public_html\yii-1.1.14.f0fee9\framework\zii\widgets\CBaseListView.php(150): preg_replace_callback('/{(\w+)}/', Array, '{summary}?{item...')
#12 D:\Public_html\yii-1.1.14.f0fee9\framework\zii\widgets\CBaseListView.php(135): CBaseListView->renderContent()
#13 D:\Public_html\yii-1.1.14.f0fee9\framework\web\CBaseController.php(173): CBaseListView->run()
#14 D:\Public_html\yiitest2\protected\views\user\admin.php(89): CBaseController->widget('zii.widgets.gri...', Array)
#15 D:\Public_html\yii-1.1.14.f0fee9\framework\web\CBaseController.php(126): require('D:\Public_html\...')
#16 D:\Public_html\yii-1.1.14.f0fee9\framework\web\CBaseController.php(95): CBaseController->renderInternal('D:\Public_html\...', Array, true)
#17 D:\Public_html\yii-1.1.14.f0fee9\framework\web\CController.php(869): CBaseController->renderFile('D:\Public_html\...', Array, true)
#18 D:\Public_html\yii-1.1.14.f0fee9\framework\web\CController.php(782): CController->renderPartial('admin', Array, true)
#19 D:\Public_html\yiitest2\protected\controllers\UserController.php(167): CController->render('admin', Array)
#20 D:\Public_html\yii-1.1.14.f0fee9\framework\web\actions\CInlineAction.php(49): UserController->actionAdmin()
#21 D:\Public_html\yii-1.1.14.f0fee9\framework\web\CController.php(308): CInlineAction->runWithParams(Array)
#22 D:\Public_html\yii-1.1.14.f0fee9\framework\web\filters\CFilterChain.php(133): CController->runAction(Object(CInlineAction))
#23 D:\Public_html\yii-1.1.14.f0fee9\framework\web\filters\CFilter.php(40): CFilterChain->run()
#24 D:\Public_html\yii-1.1.14.f0fee9\framework\web\CController.php(1145): CFilter->filter(Object(CFilterChain))
#25 D:\Public_html\yii-1.1.14.f0fee9\framework\web\filters\CInlineFilter.php(58): CController->filterAccessControl(Object(CFilterChain))
#26 D:\Public_html\yii-1.1.14.f0fee9\framework\web\filters\CFilterChain.php(130): CInlineFilter->filter(Object(CFilterChain))
#27 D:\Public_html\yii-1.1.14.f0fee9\framework\web\CController.php(291): CFilterChain->run()
#28 D:\Public_html\yii-1.1.14.f0fee9\framework\web\CController.php(265): CController->runActionWithFilters(Object(CInlineAction), Array)
#29 D:\Public_html\yii-1.1.14.f0fee9\framework\web\CWebApplication.php(282): CController->run('admin')
#30 D:\Public_html\yii-1.1.14.f0fee9\framework\web\CWebApplication.php(141): CWebApplication->runController('user/admin')
#31 D:\Public_html\yii-1.1.14.f0fee9\framework\base\CApplication.php(180): CWebApplication->processRequest()
#32 D:\Public_html\yiitest2\index.php(13): CApplication->run()
#33 {main}
REQUEST_URI=/yiitest2/index.php?r=user/admin
HTTP_REFERER=http://localhost/yiitest2/index.php?r=site/login
---
2014/05/12 06:01:26 [error] [exception.CException] exception 'CException' with message 'Property "UserController.createUrl" is not defined.' in D:\Public_html\yii-1.1.14.f0fee9\framework\base\CComponent.php:130
Stack trace:
#0 D:\Public_html\yiitest2\protected\views\user\_form.php(60): CComponent->__get('createUrl')
#1 D:\Public_html\yii-1.1.14.f0fee9\framework\web\CBaseController.php(126): require('D:\Public_html\...')
#2 D:\Public_html\yii-1.1.14.f0fee9\framework\web\CBaseController.php(95): CBaseController->renderInternal('D:\Public_html\...', Array, true)
#3 D:\Public_html\yii-1.1.14.f0fee9\framework\web\CController.php(869): CBaseController->renderFile('D:\Public_html\...', Array, true)
#4 D:\Public_html\yiitest2\protected\views\user\update.php(21): CController->renderPartial('_form', Array)
#5 D:\Public_html\yii-1.1.14.f0fee9\framework\web\CBaseController.php(126): require('D:\Public_html\...')
#6 D:\Public_html\yii-1.1.14.f0fee9\framework\web\CBaseController.php(95): CBaseController->renderInternal('D:\Public_html\...', Array, true)
#7 D:\Public_html\yii-1.1.14.f0fee9\framework\web\CController.php(869): CBaseController->renderFile('D:\Public_html\...', Array, true)
#8 D:\Public_html\yii-1.1.14.f0fee9\framework\web\CController.php(782): CController->renderPartial('update', Array, true)
#9 D:\Public_html\yiitest2\protected\controllers\UserController.php(133): CController->render('update', Array)
#10 [internal function]: UserController->actionUpdate('1')
#11 D:\Public_html\yii-1.1.14.f0fee9\framework\web\actions\CAction.php(108): ReflectionMethod->invokeArgs(Object(UserController), Array)
#12 D:\Public_html\yii-1.1.14.f0fee9\framework\web\actions\CInlineAction.php(47): CAction->runWithParamsInternal(Object(UserController), Object(ReflectionMethod), Array)
#13 D:\Public_html\yii-1.1.14.f0fee9\framework\web\CController.php(308): CInlineAction->runWithParams(Array)
#14 D:\Public_html\yii-1.1.14.f0fee9\framework\web\filters\CFilterChain.php(133): CController->runAction(Object(CInlineAction))
#15 D:\Public_html\yii-1.1.14.f0fee9\framework\web\filters\CFilter.php(40): CFilterChain->run()
#16 D:\Public_html\yii-1.1.14.f0fee9\framework\web\CController.php(1145): CFilter->filter(Object(CFilterChain))
#17 D:\Public_html\yii-1.1.14.f0fee9\framework\web\filters\CInlineFilter.php(58): CController->filterAccessControl(Object(CFilterChain))
#18 D:\Public_html\yii-1.1.14.f0fee9\framework\web\filters\CFilterChain.php(130): CInlineFilter->filter(Object(CFilterChain))
#19 D:\Public_html\yii-1.1.14.f0fee9\framework\web\CController.php(291): CFilterChain->run()
#20 D:\Public_html\yii-1.1.14.f0fee9\framework\web\CController.php(265): CController->runActionWithFilters(Object(CInlineAction), Array)
#21 D:\Public_html\yii-1.1.14.f0fee9\framework\web\CWebApplication.php(282): CController->run('update')
#22 D:\Public_html\yii-1.1.14.f0fee9\framework\web\CWebApplication.php(141): CWebApplication->runController('user/update')
#23 D:\Public_html\yii-1.1.14.f0fee9\framework\base\CApplication.php(180): CWebApplication->processRequest()
#24 D:\Public_html\yiitest2\index.php(13): CApplication->run()
#25 {main}
REQUEST_URI=/yiitest2/index.php?r=user/update&id=1&asDialog=1&gridId=user-grid
HTTP_REFERER=http://localhost/yiitest2/index.php?r=user/admin
---
2014/05/12 07:14:04 [error] [exception.CHttpException.403] exception 'CHttpException' with message 'You are not authorized to perform this action.' in D:\Public_html\yii-1.1.14.f0fee9\framework\web\auth\CAccessControlFilter.php:182
Stack trace:
#0 D:\Public_html\yii-1.1.14.f0fee9\framework\web\auth\CAccessControlFilter.php(145): CAccessControlFilter->accessDenied(Object(CWebUser), 'You are not aut...')
#1 D:\Public_html\yii-1.1.14.f0fee9\framework\web\filters\CFilter.php(38): CAccessControlFilter->preFilter(Object(CFilterChain))
#2 D:\Public_html\yii-1.1.14.f0fee9\framework\web\CController.php(1145): CFilter->filter(Object(CFilterChain))
#3 D:\Public_html\yii-1.1.14.f0fee9\framework\web\filters\CInlineFilter.php(58): CController->filterAccessControl(Object(CFilterChain))
#4 D:\Public_html\yii-1.1.14.f0fee9\framework\web\filters\CFilterChain.php(130): CInlineFilter->filter(Object(CFilterChain))
#5 D:\Public_html\yii-1.1.14.f0fee9\framework\web\CController.php(291): CFilterChain->run()
#6 D:\Public_html\yii-1.1.14.f0fee9\framework\web\CController.php(265): CController->runActionWithFilters(Object(CInlineAction), Array)
#7 D:\Public_html\yii-1.1.14.f0fee9\framework\web\CWebApplication.php(282): CController->run('ajax')
#8 D:\Public_html\yii-1.1.14.f0fee9\framework\web\CWebApplication.php(141): CWebApplication->runController('user/ajax')
#9 D:\Public_html\yii-1.1.14.f0fee9\framework\base\CApplication.php(180): CWebApplication->processRequest()
#10 D:\Public_html\yiitest2\index.php(13): CApplication->run()
#11 {main}
REQUEST_URI=/yiitest2/index.php?r=user/ajax&_=1399878844213
HTTP_REFERER=http://localhost/yiitest2/index.php?r=user/update&id=1&asDialog=1&gridId=user-grid
---
2014/05/12 07:17:35 [error] [exception.CException] exception 'CException' with message 'Property "CButtonColumn.test" is not defined.' in D:\Public_html\yii-1.1.14.f0fee9\framework\base\CComponent.php:173
Stack trace:
#0 D:\Public_html\yii-1.1.14.f0fee9\framework\YiiBase.php(220): CComponent->__set('test', Array)
#1 D:\Public_html\yii-1.1.14.f0fee9\framework\zii\widgets\grid\CGridView.php(388): YiiBase::createComponent(Array, Object(CGridView))
#2 D:\Public_html\yii-1.1.14.f0fee9\framework\zii\widgets\grid\CGridView.php(359): CGridView->initColumns()
#3 D:\Public_html\yii-1.1.14.f0fee9\framework\web\CBaseController.php(147): CGridView->init()
#4 D:\Public_html\yii-1.1.14.f0fee9\framework\web\CBaseController.php(172): CBaseController->createWidget('zii.widgets.gri...', Array)
#5 D:\Public_html\yiitest2\protected\views\user\admin.php(90): CBaseController->widget('zii.widgets.gri...', Array)
#6 D:\Public_html\yii-1.1.14.f0fee9\framework\web\CBaseController.php(126): require('D:\Public_html\...')
#7 D:\Public_html\yii-1.1.14.f0fee9\framework\web\CBaseController.php(95): CBaseController->renderInternal('D:\Public_html\...', Array, true)
#8 D:\Public_html\yii-1.1.14.f0fee9\framework\web\CController.php(869): CBaseController->renderFile('D:\Public_html\...', Array, true)
#9 D:\Public_html\yii-1.1.14.f0fee9\framework\web\CController.php(782): CController->renderPartial('admin', Array, true)
#10 D:\Public_html\yiitest2\protected\controllers\UserController.php(172): CController->render('admin', Array)
#11 D:\Public_html\yii-1.1.14.f0fee9\framework\web\actions\CInlineAction.php(49): UserController->actionAdmin()
#12 D:\Public_html\yii-1.1.14.f0fee9\framework\web\CController.php(308): CInlineAction->runWithParams(Array)
#13 D:\Public_html\yii-1.1.14.f0fee9\framework\web\filters\CFilterChain.php(133): CController->runAction(Object(CInlineAction))
#14 D:\Public_html\yii-1.1.14.f0fee9\framework\web\filters\CFilter.php(40): CFilterChain->run()
#15 D:\Public_html\yii-1.1.14.f0fee9\framework\web\CController.php(1145): CFilter->filter(Object(CFilterChain))
#16 D:\Public_html\yii-1.1.14.f0fee9\framework\web\filters\CInlineFilter.php(58): CController->filterAccessControl(Object(CFilterChain))
#17 D:\Public_html\yii-1.1.14.f0fee9\framework\web\filters\CFilterChain.php(130): CInlineFilter->filter(Object(CFilterChain))
#18 D:\Public_html\yii-1.1.14.f0fee9\framework\web\CController.php(291): CFilterChain->run()
#19 D:\Public_html\yii-1.1.14.f0fee9\framework\web\CController.php(265): CController->runActionWithFilters(Object(CInlineAction), Array)
#20 D:\Public_html\yii-1.1.14.f0fee9\framework\web\CWebApplication.php(282): CController->run('admin')
#21 D:\Public_html\yii-1.1.14.f0fee9\framework\web\CWebApplication.php(141): CWebApplication->runController('user/admin')
#22 D:\Public_html\yii-1.1.14.f0fee9\framework\base\CApplication.php(180): CWebApplication->processRequest()
#23 D:\Public_html\yiitest2\index.php(13): CApplication->run()
#24 {main}
REQUEST_URI=/yiitest2/index.php?r=user/admin
---
2014/05/12 07:17:57 [error] [exception.CException] exception 'CException' with message 'Property "CButtonColumn.ajax" is not defined.' in D:\Public_html\yii-1.1.14.f0fee9\framework\base\CComponent.php:173
Stack trace:
#0 D:\Public_html\yii-1.1.14.f0fee9\framework\YiiBase.php(220): CComponent->__set('ajax', Array)
#1 D:\Public_html\yii-1.1.14.f0fee9\framework\zii\widgets\grid\CGridView.php(388): YiiBase::createComponent(Array, Object(CGridView))
#2 D:\Public_html\yii-1.1.14.f0fee9\framework\zii\widgets\grid\CGridView.php(359): CGridView->initColumns()
#3 D:\Public_html\yii-1.1.14.f0fee9\framework\web\CBaseController.php(147): CGridView->init()
#4 D:\Public_html\yii-1.1.14.f0fee9\framework\web\CBaseController.php(172): CBaseController->createWidget('zii.widgets.gri...', Array)
#5 D:\Public_html\yiitest2\protected\views\user\admin.php(90): CBaseController->widget('zii.widgets.gri...', Array)
#6 D:\Public_html\yii-1.1.14.f0fee9\framework\web\CBaseController.php(126): require('D:\Public_html\...')
#7 D:\Public_html\yii-1.1.14.f0fee9\framework\web\CBaseController.php(95): CBaseController->renderInternal('D:\Public_html\...', Array, true)
#8 D:\Public_html\yii-1.1.14.f0fee9\framework\web\CController.php(869): CBaseController->renderFile('D:\Public_html\...', Array, true)
#9 D:\Public_html\yii-1.1.14.f0fee9\framework\web\CController.php(782): CController->renderPartial('admin', Array, true)
#10 D:\Public_html\yiitest2\protected\controllers\UserController.php(172): CController->render('admin', Array)
#11 D:\Public_html\yii-1.1.14.f0fee9\framework\web\actions\CInlineAction.php(49): UserController->actionAdmin()
#12 D:\Public_html\yii-1.1.14.f0fee9\framework\web\CController.php(308): CInlineAction->runWithParams(Array)
#13 D:\Public_html\yii-1.1.14.f0fee9\framework\web\filters\CFilterChain.php(133): CController->runAction(Object(CInlineAction))
#14 D:\Public_html\yii-1.1.14.f0fee9\framework\web\filters\CFilter.php(40): CFilterChain->run()
#15 D:\Public_html\yii-1.1.14.f0fee9\framework\web\CController.php(1145): CFilter->filter(Object(CFilterChain))
#16 D:\Public_html\yii-1.1.14.f0fee9\framework\web\filters\CInlineFilter.php(58): CController->filterAccessControl(Object(CFilterChain))
#17 D:\Public_html\yii-1.1.14.f0fee9\framework\web\filters\CFilterChain.php(130): CInlineFilter->filter(Object(CFilterChain))
#18 D:\Public_html\yii-1.1.14.f0fee9\framework\web\CController.php(291): CFilterChain->run()
#19 D:\Public_html\yii-1.1.14.f0fee9\framework\web\CController.php(265): CController->runActionWithFilters(Object(CInlineAction), Array)
#20 D:\Public_html\yii-1.1.14.f0fee9\framework\web\CWebApplication.php(282): CController->run('admin')
#21 D:\Public_html\yii-1.1.14.f0fee9\framework\web\CWebApplication.php(141): CWebApplication->runController('user/admin')
#22 D:\Public_html\yii-1.1.14.f0fee9\framework\base\CApplication.php(180): CWebApplication->processRequest()
#23 D:\Public_html\yiitest2\index.php(13): CApplication->run()
#24 {main}
REQUEST_URI=/yiitest2/index.php?r=user/admin
---
2014/05/12 08:50:24 [error] [exception.CException] exception 'CException' with message 'Property "CButtonColumn.ajax" is not defined.' in D:\Public_html\yii-1.1.14.f0fee9\framework\base\CComponent.php:173
Stack trace:
#0 D:\Public_html\yii-1.1.14.f0fee9\framework\YiiBase.php(220): CComponent->__set('ajax', Array)
#1 D:\Public_html\yii-1.1.14.f0fee9\framework\zii\widgets\grid\CGridView.php(388): YiiBase::createComponent(Array, Object(CGridView))
#2 D:\Public_html\yii-1.1.14.f0fee9\framework\zii\widgets\grid\CGridView.php(359): CGridView->initColumns()
#3 D:\Public_html\yii-1.1.14.f0fee9\framework\web\CBaseController.php(147): CGridView->init()
#4 D:\Public_html\yii-1.1.14.f0fee9\framework\web\CBaseController.php(172): CBaseController->createWidget('zii.widgets.gri...', Array)
#5 D:\Public_html\yiitest2\protected\views\user\admin.php(90): CBaseController->widget('zii.widgets.gri...', Array)
#6 D:\Public_html\yii-1.1.14.f0fee9\framework\web\CBaseController.php(126): require('D:\Public_html\...')
#7 D:\Public_html\yii-1.1.14.f0fee9\framework\web\CBaseController.php(95): CBaseController->renderInternal('D:\Public_html\...', Array, true)
#8 D:\Public_html\yii-1.1.14.f0fee9\framework\web\CController.php(869): CBaseController->renderFile('D:\Public_html\...', Array, true)
#9 D:\Public_html\yii-1.1.14.f0fee9\framework\web\CController.php(782): CController->renderPartial('admin', Array, true)
#10 D:\Public_html\yiitest2\protected\controllers\UserController.php(172): CController->render('admin', Array)
#11 D:\Public_html\yii-1.1.14.f0fee9\framework\web\actions\CInlineAction.php(49): UserController->actionAdmin()
#12 D:\Public_html\yii-1.1.14.f0fee9\framework\web\CController.php(308): CInlineAction->runWithParams(Array)
#13 D:\Public_html\yii-1.1.14.f0fee9\framework\web\filters\CFilterChain.php(133): CController->runAction(Object(CInlineAction))
#14 D:\Public_html\yii-1.1.14.f0fee9\framework\web\filters\CFilter.php(40): CFilterChain->run()
#15 D:\Public_html\yii-1.1.14.f0fee9\framework\web\CController.php(1145): CFilter->filter(Object(CFilterChain))
#16 D:\Public_html\yii-1.1.14.f0fee9\framework\web\filters\CInlineFilter.php(58): CController->filterAccessControl(Object(CFilterChain))
#17 D:\Public_html\yii-1.1.14.f0fee9\framework\web\filters\CFilterChain.php(130): CInlineFilter->filter(Object(CFilterChain))
#18 D:\Public_html\yii-1.1.14.f0fee9\framework\web\CController.php(291): CFilterChain->run()
#19 D:\Public_html\yii-1.1.14.f0fee9\framework\web\CController.php(265): CController->runActionWithFilters(Object(CInlineAction), Array)
#20 D:\Public_html\yii-1.1.14.f0fee9\framework\web\CWebApplication.php(282): CController->run('admin')
#21 D:\Public_html\yii-1.1.14.f0fee9\framework\web\CWebApplication.php(141): CWebApplication->runController('user/admin')
#22 D:\Public_html\yii-1.1.14.f0fee9\framework\base\CApplication.php(180): CWebApplication->processRequest()
#23 D:\Public_html\yiitest2\index.php(13): CApplication->run()
#24 {main}
REQUEST_URI=/yiitest2/index.php?r=user/admin
---
2014/06/05 05:46:31 [error] [exception.CException] exception 'CException' with message 'Alias "bootsrap.widgets.BsNavbar" is invalid. Make sure it points to an existing directory or file.' in D:\Public_html\yii-1.1.14.f0fee9\framework\YiiBase.php:347
Stack trace:
#0 D:\Public_html\yii-1.1.14.f0fee9\framework\web\CWidgetFactory.php(146): YiiBase::import('bootsrap.widget...', true)
#1 D:\Public_html\yii-1.1.14.f0fee9\framework\web\CBaseController.php(146): CWidgetFactory->createWidget(Object(UserController), 'bootsrap.widget...', Array)
#2 D:\Public_html\yii-1.1.14.f0fee9\framework\web\CBaseController.php(172): CBaseController->createWidget('bootsrap.widget...', Array)
#3 D:\Public_html\yiitest2\themes\bootstrap\views\layouts\main.php(58): CBaseController->widget('bootsrap.widget...', Array)
#4 D:\Public_html\yii-1.1.14.f0fee9\framework\web\CBaseController.php(126): require('D:\Public_html\...')
#5 D:\Public_html\yii-1.1.14.f0fee9\framework\web\CBaseController.php(95): CBaseController->renderInternal('D:\Public_html\...', Array, true)
#6 D:\Public_html\yii-1.1.14.f0fee9\framework\web\widgets\CContentDecorator.php(76): CBaseController->renderFile('D:\Public_html\...', Array, true)
#7 D:\Public_html\yii-1.1.14.f0fee9\framework\web\widgets\CContentDecorator.php(54): CContentDecorator->decorate('<div class="spa...')
#8 D:\Public_html\yii-1.1.14.f0fee9\framework\web\widgets\COutputProcessor.php(44): CContentDecorator->processOutput('<div class="spa...')
#9 D:\Public_html\yii-1.1.14.f0fee9\framework\web\CBaseController.php(206): COutputProcessor->run()
#10 D:\Public_html\yii-1.1.14.f0fee9\framework\web\CBaseController.php(300): CBaseController->endWidget('CContentDecorat...')
#11 D:\Public_html\yiitest2\protected\views\layouts\column2.php(22): CBaseController->endContent()
#12 D:\Public_html\yii-1.1.14.f0fee9\framework\web\CBaseController.php(126): require('D:\Public_html\...')
#13 D:\Public_html\yii-1.1.14.f0fee9\framework\web\CBaseController.php(95): CBaseController->renderInternal('D:\Public_html\...', Array, true)
#14 D:\Public_html\yii-1.1.14.f0fee9\framework\web\CController.php(784): CBaseController->renderFile('D:\Public_html\...', Array, true)
#15 D:\Public_html\yiitest2\protected\controllers\UserController.php(198): CController->render('admin', Array)
#16 D:\Public_html\yii-1.1.14.f0fee9\framework\web\actions\CInlineAction.php(49): UserController->actionAdmin()
#17 D:\Public_html\yii-1.1.14.f0fee9\framework\web\CController.php(308): CInlineAction->runWithParams(Array)
#18 D:\Public_html\yii-1.1.14.f0fee9\framework\web\filters\CFilterChain.php(133): CController->runAction(Object(CInlineAction))
#19 D:\Public_html\yii-1.1.14.f0fee9\framework\web\filters\CFilter.php(40): CFilterChain->run()
#20 D:\Public_html\yii-1.1.14.f0fee9\framework\web\CController.php(1145): CFilter->filter(Object(CFilterChain))
#21 D:\Public_html\yii-1.1.14.f0fee9\framework\web\filters\CInlineFilter.php(58): CController->filterAccessControl(Object(CFilterChain))
#22 D:\Public_html\yii-1.1.14.f0fee9\framework\web\filters\CFilterChain.php(130): CInlineFilter->filter(Object(CFilterChain))
#23 D:\Public_html\yii-1.1.14.f0fee9\framework\web\CController.php(291): CFilterChain->run()
#24 D:\Public_html\yii-1.1.14.f0fee9\framework\web\CController.php(265): CController->runActionWithFilters(Object(CInlineAction), Array)
#25 D:\Public_html\yii-1.1.14.f0fee9\framework\web\CWebApplication.php(282): CController->run('admin')
#26 D:\Public_html\yii-1.1.14.f0fee9\framework\web\CWebApplication.php(141): CWebApplication->runController('user/admin')
#27 D:\Public_html\yii-1.1.14.f0fee9\framework\base\CApplication.php(180): CWebApplication->processRequest()
#28 D:\Public_html\yiitest2\index.php(13): CApplication->run()
#29 {main}
REQUEST_URI=/yiitest2/index.php?r=user/admin
HTTP_REFERER=http://localhost/yiitest2/index.php?r=user
---
2014/06/05 05:52:08 [error] [exception.CHttpException.404] exception 'CHttpException' with message 'The system is unable to find the requested action "admin ".' in D:\Public_html\yii-1.1.14.f0fee9\framework\web\CController.php:483
Stack trace:
#0 D:\Public_html\yii-1.1.14.f0fee9\framework\web\CController.php(270): CController->missingAction('admin ')
#1 D:\Public_html\yii-1.1.14.f0fee9\framework\web\CWebApplication.php(282): CController->run('admin ')
#2 D:\Public_html\yii-1.1.14.f0fee9\framework\web\CWebApplication.php(141): CWebApplication->runController('user/admin ')
#3 D:\Public_html\yii-1.1.14.f0fee9\framework\base\CApplication.php(180): CWebApplication->processRequest()
#4 D:\Public_html\yiitest2\index.php(13): CApplication->run()
#5 {main}
REQUEST_URI=/yiitest2/index.php?r=user/admin+
---
2014/06/05 05:52:10 [error] [exception.CException] exception 'CException' with message 'Alias "bootsrap.widgets.BsNavbar" is invalid. Make sure it points to an existing directory or file.' in D:\Public_html\yii-1.1.14.f0fee9\framework\YiiBase.php:347
Stack trace:
#0 D:\Public_html\yii-1.1.14.f0fee9\framework\web\CWidgetFactory.php(146): YiiBase::import('bootsrap.widget...', true)
#1 D:\Public_html\yii-1.1.14.f0fee9\framework\web\CBaseController.php(146): CWidgetFactory->createWidget(Object(UserController), 'bootsrap.widget...', Array)
#2 D:\Public_html\yii-1.1.14.f0fee9\framework\web\CBaseController.php(172): CBaseController->createWidget('bootsrap.widget...', Array)
#3 D:\Public_html\yiitest2\themes\bootstrap\views\layouts\main.php(58): CBaseController->widget('bootsrap.widget...', Array)
#4 D:\Public_html\yii-1.1.14.f0fee9\framework\web\CBaseController.php(126): require('D:\Public_html\...')
#5 D:\Public_html\yii-1.1.14.f0fee9\framework\web\CBaseController.php(95): CBaseController->renderInternal('D:\Public_html\...', Array, true)
#6 D:\Public_html\yii-1.1.14.f0fee9\framework\web\widgets\CContentDecorator.php(76): CBaseController->renderFile('D:\Public_html\...', Array, true)
#7 D:\Public_html\yii-1.1.14.f0fee9\framework\web\widgets\CContentDecorator.php(54): CContentDecorator->decorate('<div class="spa...')
#8 D:\Public_html\yii-1.1.14.f0fee9\framework\web\widgets\COutputProcessor.php(44): CContentDecorator->processOutput('<div class="spa...')
#9 D:\Public_html\yii-1.1.14.f0fee9\framework\web\CBaseController.php(206): COutputProcessor->run()
#10 D:\Public_html\yii-1.1.14.f0fee9\framework\web\CBaseController.php(300): CBaseController->endWidget('CContentDecorat...')
#11 D:\Public_html\yiitest2\protected\views\layouts\column2.php(22): CBaseController->endContent()
#12 D:\Public_html\yii-1.1.14.f0fee9\framework\web\CBaseController.php(126): require('D:\Public_html\...')
#13 D:\Public_html\yii-1.1.14.f0fee9\framework\web\CBaseController.php(95): CBaseController->renderInternal('D:\Public_html\...', Array, true)
#14 D:\Public_html\yii-1.1.14.f0fee9\framework\web\CController.php(784): CBaseController->renderFile('D:\Public_html\...', Array, true)
#15 D:\Public_html\yiitest2\protected\controllers\UserController.php(198): CController->render('admin', Array)
#16 D:\Public_html\yii-1.1.14.f0fee9\framework\web\actions\CInlineAction.php(49): UserController->actionAdmin()
#17 D:\Public_html\yii-1.1.14.f0fee9\framework\web\CController.php(308): CInlineAction->runWithParams(Array)
#18 D:\Public_html\yii-1.1.14.f0fee9\framework\web\filters\CFilterChain.php(133): CController->runAction(Object(CInlineAction))
#19 D:\Public_html\yii-1.1.14.f0fee9\framework\web\filters\CFilter.php(40): CFilterChain->run()
#20 D:\Public_html\yii-1.1.14.f0fee9\framework\web\CController.php(1145): CFilter->filter(Object(CFilterChain))
#21 D:\Public_html\yii-1.1.14.f0fee9\framework\web\filters\CInlineFilter.php(58): CController->filterAccessControl(Object(CFilterChain))
#22 D:\Public_html\yii-1.1.14.f0fee9\framework\web\filters\CFilterChain.php(130): CInlineFilter->filter(Object(CFilterChain))
#23 D:\Public_html\yii-1.1.14.f0fee9\framework\web\CController.php(291): CFilterChain->run()
#24 D:\Public_html\yii-1.1.14.f0fee9\framework\web\CController.php(265): CController->runActionWithFilters(Object(CInlineAction), Array)
#25 D:\Public_html\yii-1.1.14.f0fee9\framework\web\CWebApplication.php(282): CController->run('admin')
#26 D:\Public_html\yii-1.1.14.f0fee9\framework\web\CWebApplication.php(141): CWebApplication->runController('user/admin')
#27 D:\Public_html\yii-1.1.14.f0fee9\framework\base\CApplication.php(180): CWebApplication->processRequest()
#28 D:\Public_html\yiitest2\index.php(13): CApplication->run()
#29 {main}
REQUEST_URI=/yiitest2/index.php?r=user/admin
HTTP_REFERER=http://localhost/yiitest2/index.php?r=user
---
2014/06/05 05:52:13 [error] [exception.CException] exception 'CException' with message 'Alias "bootsrap.widgets.BsNavbar" is invalid. Make sure it points to an existing directory or file.' in D:\Public_html\yii-1.1.14.f0fee9\framework\YiiBase.php:347
Stack trace:
#0 D:\Public_html\yii-1.1.14.f0fee9\framework\web\CWidgetFactory.php(146): YiiBase::import('bootsrap.widget...', true)
#1 D:\Public_html\yii-1.1.14.f0fee9\framework\web\CBaseController.php(146): CWidgetFactory->createWidget(Object(UserController), 'bootsrap.widget...', Array)
#2 D:\Public_html\yii-1.1.14.f0fee9\framework\web\CBaseController.php(172): CBaseController->createWidget('bootsrap.widget...', Array)
#3 D:\Public_html\yiitest2\themes\bootstrap\views\layouts\main.php(58): CBaseController->widget('bootsrap.widget...', Array)
#4 D:\Public_html\yii-1.1.14.f0fee9\framework\web\CBaseController.php(126): require('D:\Public_html\...')
#5 D:\Public_html\yii-1.1.14.f0fee9\framework\web\CBaseController.php(95): CBaseController->renderInternal('D:\Public_html\...', Array, true)
#6 D:\Public_html\yii-1.1.14.f0fee9\framework\web\widgets\CContentDecorator.php(76): CBaseController->renderFile('D:\Public_html\...', Array, true)
#7 D:\Public_html\yii-1.1.14.f0fee9\framework\web\widgets\CContentDecorator.php(54): CContentDecorator->decorate('<div class="spa...')
#8 D:\Public_html\yii-1.1.14.f0fee9\framework\web\widgets\COutputProcessor.php(44): CContentDecorator->processOutput('<div class="spa...')
#9 D:\Public_html\yii-1.1.14.f0fee9\framework\web\CBaseController.php(206): COutputProcessor->run()
#10 D:\Public_html\yii-1.1.14.f0fee9\framework\web\CBaseController.php(300): CBaseController->endWidget('CContentDecorat...')
#11 D:\Public_html\yiitest2\protected\views\layouts\column2.php(22): CBaseController->endContent()
#12 D:\Public_html\yii-1.1.14.f0fee9\framework\web\CBaseController.php(126): require('D:\Public_html\...')
#13 D:\Public_html\yii-1.1.14.f0fee9\framework\web\CBaseController.php(95): CBaseController->renderInternal('D:\Public_html\...', Array, true)
#14 D:\Public_html\yii-1.1.14.f0fee9\framework\web\CController.php(784): CBaseController->renderFile('D:\Public_html\...', Array, true)
#15 D:\Public_html\yiitest2\protected\controllers\UserController.php(198): CController->render('admin', Array)
#16 D:\Public_html\yii-1.1.14.f0fee9\framework\web\actions\CInlineAction.php(49): UserController->actionAdmin()
#17 D:\Public_html\yii-1.1.14.f0fee9\framework\web\CController.php(308): CInlineAction->runWithParams(Array)
#18 D:\Public_html\yii-1.1.14.f0fee9\framework\web\filters\CFilterChain.php(133): CController->runAction(Object(CInlineAction))
#19 D:\Public_html\yii-1.1.14.f0fee9\framework\web\filters\CFilter.php(40): CFilterChain->run()
#20 D:\Public_html\yii-1.1.14.f0fee9\framework\web\CController.php(1145): CFilter->filter(Object(CFilterChain))
#21 D:\Public_html\yii-1.1.14.f0fee9\framework\web\filters\CInlineFilter.php(58): CController->filterAccessControl(Object(CFilterChain))
#22 D:\Public_html\yii-1.1.14.f0fee9\framework\web\filters\CFilterChain.php(130): CInlineFilter->filter(Object(CFilterChain))
#23 D:\Public_html\yii-1.1.14.f0fee9\framework\web\CController.php(291): CFilterChain->run()
#24 D:\Public_html\yii-1.1.14.f0fee9\framework\web\CController.php(265): CController->runActionWithFilters(Object(CInlineAction), Array)
#25 D:\Public_html\yii-1.1.14.f0fee9\framework\web\CWebApplication.php(282): CController->run('admin')
#26 D:\Public_html\yii-1.1.14.f0fee9\framework\web\CWebApplication.php(141): CWebApplication->runController('user/admin')
#27 D:\Public_html\yii-1.1.14.f0fee9\framework\base\CApplication.php(180): CWebApplication->processRequest()
#28 D:\Public_html\yiitest2\index.php(13): CApplication->run()
#29 {main}
REQUEST_URI=/yiitest2/index.php?r=user/admin
---
2014/06/05 06:04:39 [error] [exception.CException] exception 'CException' with message 'Alias "bootsrap.widgets.BsNavbar" is invalid. Make sure it points to an existing directory or file.' in D:\Public_html\yii-1.1.14.f0fee9\framework\YiiBase.php:347
Stack trace:
#0 D:\Public_html\yii-1.1.14.f0fee9\framework\web\CWidgetFactory.php(146): YiiBase::import('bootsrap.widget...', true)
#1 D:\Public_html\yii-1.1.14.f0fee9\framework\web\CBaseController.php(146): CWidgetFactory->createWidget(Object(UserController), 'bootsrap.widget...', Array)
#2 D:\Public_html\yii-1.1.14.f0fee9\framework\web\CBaseController.php(172): CBaseController->createWidget('bootsrap.widget...', Array)
#3 D:\Public_html\yiitest2\themes\bootstrap\views\layouts\main.php(58): CBaseController->widget('bootsrap.widget...', Array)
#4 D:\Public_html\yii-1.1.14.f0fee9\framework\web\CBaseController.php(126): require('D:\Public_html\...')
#5 D:\Public_html\yii-1.1.14.f0fee9\framework\web\CBaseController.php(95): CBaseController->renderInternal('D:\Public_html\...', Array, true)
#6 D:\Public_html\yii-1.1.14.f0fee9\framework\web\widgets\CContentDecorator.php(76): CBaseController->renderFile('D:\Public_html\...', Array, true)
#7 D:\Public_html\yii-1.1.14.f0fee9\framework\web\widgets\CContentDecorator.php(54): CContentDecorator->decorate('<div class="spa...')
#8 D:\Public_html\yii-1.1.14.f0fee9\framework\web\widgets\COutputProcessor.php(44): CContentDecorator->processOutput('<div class="spa...')
#9 D:\Public_html\yii-1.1.14.f0fee9\framework\web\CBaseController.php(206): COutputProcessor->run()
#10 D:\Public_html\yii-1.1.14.f0fee9\framework\web\CBaseController.php(300): CBaseController->endWidget('CContentDecorat...')
#11 D:\Public_html\yiitest2\protected\views\layouts\column2.php(22): CBaseController->endContent()
#12 D:\Public_html\yii-1.1.14.f0fee9\framework\web\CBaseController.php(126): require('D:\Public_html\...')
#13 D:\Public_html\yii-1.1.14.f0fee9\framework\web\CBaseController.php(95): CBaseController->renderInternal('D:\Public_html\...', Array, true)
#14 D:\Public_html\yii-1.1.14.f0fee9\framework\web\CController.php(784): CBaseController->renderFile('D:\Public_html\...', Array, true)
#15 D:\Public_html\yiitest2\protected\controllers\UserController.php(198): CController->render('admin', Array)
#16 D:\Public_html\yii-1.1.14.f0fee9\framework\web\actions\CInlineAction.php(49): UserController->actionAdmin()
#17 D:\Public_html\yii-1.1.14.f0fee9\framework\web\CController.php(308): CInlineAction->runWithParams(Array)
#18 D:\Public_html\yii-1.1.14.f0fee9\framework\web\filters\CFilterChain.php(133): CController->runAction(Object(CInlineAction))
#19 D:\Public_html\yii-1.1.14.f0fee9\framework\web\filters\CFilter.php(40): CFilterChain->run()
#20 D:\Public_html\yii-1.1.14.f0fee9\framework\web\CController.php(1145): CFilter->filter(Object(CFilterChain))
#21 D:\Public_html\yii-1.1.14.f0fee9\framework\web\filters\CInlineFilter.php(58): CController->filterAccessControl(Object(CFilterChain))
#22 D:\Public_html\yii-1.1.14.f0fee9\framework\web\filters\CFilterChain.php(130): CInlineFilter->filter(Object(CFilterChain))
#23 D:\Public_html\yii-1.1.14.f0fee9\framework\web\CController.php(291): CFilterChain->run()
#24 D:\Public_html\yii-1.1.14.f0fee9\framework\web\CController.php(265): CController->runActionWithFilters(Object(CInlineAction), Array)
#25 D:\Public_html\yii-1.1.14.f0fee9\framework\web\CWebApplication.php(282): CController->run('admin')
#26 D:\Public_html\yii-1.1.14.f0fee9\framework\web\CWebApplication.php(141): CWebApplication->runController('user/admin')
#27 D:\Public_html\yii-1.1.14.f0fee9\framework\base\CApplication.php(180): CWebApplication->processRequest()
#28 D:\Public_html\yiitest2\index.php(13): CApplication->run()
#29 {main}
REQUEST_URI=/yiitest2/index.php?r=user/admin
---
2014/06/05 06:20:35 [error] [exception.CException] exception 'CException' with message 'Property "BsGridView.class" is not defined.' in D:\Public_html\yii-1.1.14.f0fee9\framework\base\CComponent.php:173
Stack trace:
#0 D:\Public_html\yii-1.1.14.f0fee9\framework\web\CWidgetFactory.php(161): CComponent->__set('class', 'table-hover')
#1 D:\Public_html\yii-1.1.14.f0fee9\framework\web\CBaseController.php(146): CWidgetFactory->createWidget(Object(UserController), 'bootstrap.widge...', Array)
#2 D:\Public_html\yii-1.1.14.f0fee9\framework\web\CBaseController.php(172): CBaseController->createWidget('bootstrap.widge...', Array)
#3 D:\Public_html\yiitest2\themes\bootstrap\views\user\admin.php(90): CBaseController->widget('bootstrap.widge...', Array)
#4 D:\Public_html\yii-1.1.14.f0fee9\framework\web\CBaseController.php(126): require('D:\Public_html\...')
#5 D:\Public_html\yii-1.1.14.f0fee9\framework\web\CBaseController.php(95): CBaseController->renderInternal('D:\Public_html\...', Array, true)
#6 D:\Public_html\yii-1.1.14.f0fee9\framework\web\CController.php(869): CBaseController->renderFile('D:\Public_html\...', Array, true)
#7 D:\Public_html\yii-1.1.14.f0fee9\framework\web\CController.php(782): CController->renderPartial('admin', Array, true)
#8 D:\Public_html\yiitest2\protected\controllers\UserController.php(198): CController->render('admin', Array)
#9 D:\Public_html\yii-1.1.14.f0fee9\framework\web\actions\CInlineAction.php(49): UserController->actionAdmin()
#10 D:\Public_html\yii-1.1.14.f0fee9\framework\web\CController.php(308): CInlineAction->runWithParams(Array)
#11 D:\Public_html\yii-1.1.14.f0fee9\framework\web\filters\CFilterChain.php(133): CController->runAction(Object(CInlineAction))
#12 D:\Public_html\yii-1.1.14.f0fee9\framework\web\filters\CFilter.php(40): CFilterChain->run()
#13 D:\Public_html\yii-1.1.14.f0fee9\framework\web\CController.php(1145): CFilter->filter(Object(CFilterChain))
#14 D:\Public_html\yii-1.1.14.f0fee9\framework\web\filters\CInlineFilter.php(58): CController->filterAccessControl(Object(CFilterChain))
#15 D:\Public_html\yii-1.1.14.f0fee9\framework\web\filters\CFilterChain.php(130): CInlineFilter->filter(Object(CFilterChain))
#16 D:\Public_html\yii-1.1.14.f0fee9\framework\web\CController.php(291): CFilterChain->run()
#17 D:\Public_html\yii-1.1.14.f0fee9\framework\web\CController.php(265): CController->runActionWithFilters(Object(CInlineAction), Array)
#18 D:\Public_html\yii-1.1.14.f0fee9\framework\web\CWebApplication.php(282): CController->run('admin')
#19 D:\Public_html\yii-1.1.14.f0fee9\framework\web\CWebApplication.php(141): CWebApplication->runController('user/admin')
#20 D:\Public_html\yii-1.1.14.f0fee9\framework\base\CApplication.php(180): CWebApplication->processRequest()
#21 D:\Public_html\yiitest2\index.php(13): CApplication->run()
#22 {main}
REQUEST_URI=/yiitest2/index.php?r=user/admin
---
2014/06/05 06:50:27 [error] [exception.CException] exception 'CException' with message 'Property "BsNav.class" is not defined.' in D:\Public_html\yii-1.1.14.f0fee9\framework\base\CComponent.php:173
Stack trace:
#0 D:\Public_html\yii-1.1.14.f0fee9\framework\web\CWidgetFactory.php(161): CComponent->__set('class', 'nav-tabs')
#1 D:\Public_html\yii-1.1.14.f0fee9\framework\web\CBaseController.php(146): CWidgetFactory->createWidget(Object(SiteController), 'bootstrap.widge...', Array)
#2 D:\Public_html\yii-1.1.14.f0fee9\framework\web\CBaseController.php(172): CBaseController->createWidget('bootstrap.widge...', Array)
#3 D:\Public_html\yiitest2\themes\bootstrap\views\layouts\main.php(59): CBaseController->widget('bootstrap.widge...', Array)
#4 D:\Public_html\yii-1.1.14.f0fee9\framework\web\CBaseController.php(126): require('D:\Public_html\...')
#5 D:\Public_html\yii-1.1.14.f0fee9\framework\web\CBaseController.php(95): CBaseController->renderInternal('D:\Public_html\...', Array, true)
#6 D:\Public_html\yii-1.1.14.f0fee9\framework\web\widgets\CContentDecorator.php(76): CBaseController->renderFile('D:\Public_html\...', Array, true)
#7 D:\Public_html\yii-1.1.14.f0fee9\framework\web\widgets\CContentDecorator.php(54): CContentDecorator->decorate('<div id="conten...')
#8 D:\Public_html\yii-1.1.14.f0fee9\framework\web\widgets\COutputProcessor.php(44): CContentDecorator->processOutput('<div id="conten...')
#9 D:\Public_html\yii-1.1.14.f0fee9\framework\web\CBaseController.php(206): COutputProcessor->run()
#10 D:\Public_html\yii-1.1.14.f0fee9\framework\web\CBaseController.php(300): CBaseController->endWidget('CContentDecorat...')
#11 D:\Public_html\yiitest2\themes\bootstrap\views\layouts\column1.php(6): CBaseController->endContent()
#12 D:\Public_html\yii-1.1.14.f0fee9\framework\web\CBaseController.php(126): require('D:\Public_html\...')
#13 D:\Public_html\yii-1.1.14.f0fee9\framework\web\CBaseController.php(95): CBaseController->renderInternal('D:\Public_html\...', Array, true)
#14 D:\Public_html\yii-1.1.14.f0fee9\framework\web\CController.php(784): CBaseController->renderFile('D:\Public_html\...', Array, true)
#15 D:\Public_html\yii-1.1.14.f0fee9\framework\web\actions\CViewAction.php(140): CController->render('pages/about')
#16 D:\Public_html\yii-1.1.14.f0fee9\framework\web\actions\CAction.php(76): CViewAction->run()
#17 D:\Public_html\yii-1.1.14.f0fee9\framework\web\CController.php(308): CAction->runWithParams(Array)
#18 D:\Public_html\yii-1.1.14.f0fee9\framework\web\CController.php(286): CController->runAction(Object(CViewAction))
#19 D:\Public_html\yii-1.1.14.f0fee9\framework\web\CController.php(265): CController->runActionWithFilters(Object(CViewAction), Array)
#20 D:\Public_html\yii-1.1.14.f0fee9\framework\web\CWebApplication.php(282): CController->run('page')
#21 D:\Public_html\yii-1.1.14.f0fee9\framework\web\CWebApplication.php(141): CWebApplication->runController('site/page')
#22 D:\Public_html\yii-1.1.14.f0fee9\framework\base\CApplication.php(180): CWebApplication->processRequest()
#23 D:\Public_html\yiitest2\index.php(13): CApplication->run()
#24 {main}
REQUEST_URI=/yiitest2/index.php?r=site/page&view=about
HTTP_REFERER=http://localhost/yiitest2/index.php
---
2014/06/06 03:45:15 [error] [exception.CException] exception 'CException' with message 'Property "BsActiveForm.role" is not defined.' in D:\Public_html\yii-1.1.14.f0fee9\framework\base\CComponent.php:173
Stack trace:
#0 D:\Public_html\yii-1.1.14.f0fee9\framework\web\CWidgetFactory.php(161): CComponent->__set('role', 'form')
#1 D:\Public_html\yii-1.1.14.f0fee9\framework\web\CBaseController.php(146): CWidgetFactory->createWidget(Object(SiteController), 'BsActiveForm', Array)
#2 D:\Public_html\yii-1.1.14.f0fee9\framework\web\CBaseController.php(189): CBaseController->createWidget('BsActiveForm', Array)
#3 D:\Public_html\yiitest2\themes\bootstrap\views\site\contact.php(35): CBaseController->beginWidget('BsActiveForm', Array)
#4 D:\Public_html\yii-1.1.14.f0fee9\framework\web\CBaseController.php(126): require('D:\Public_html\...')
#5 D:\Public_html\yii-1.1.14.f0fee9\framework\web\CBaseController.php(95): CBaseController->renderInternal('D:\Public_html\...', Array, true)
#6 D:\Public_html\yii-1.1.14.f0fee9\framework\web\CController.php(869): CBaseController->renderFile('D:\Public_html\...', Array, true)
#7 D:\Public_html\yii-1.1.14.f0fee9\framework\web\CController.php(782): CController->renderPartial('contact', Array, true)
#8 D:\Public_html\yiitest2\protected\controllers\SiteController.php(72): CController->render('contact', Array)
#9 D:\Public_html\yii-1.1.14.f0fee9\framework\web\actions\CInlineAction.php(49): SiteController->actionContact()
#10 D:\Public_html\yii-1.1.14.f0fee9\framework\web\CController.php(308): CInlineAction->runWithParams(Array)
#11 D:\Public_html\yii-1.1.14.f0fee9\framework\web\CController.php(286): CController->runAction(Object(CInlineAction))
#12 D:\Public_html\yii-1.1.14.f0fee9\framework\web\CController.php(265): CController->runActionWithFilters(Object(CInlineAction), Array)
#13 D:\Public_html\yii-1.1.14.f0fee9\framework\web\CWebApplication.php(282): CController->run('contact')
#14 D:\Public_html\yii-1.1.14.f0fee9\framework\web\CWebApplication.php(141): CWebApplication->runController('site/contact')
#15 D:\Public_html\yii-1.1.14.f0fee9\framework\base\CApplication.php(180): CWebApplication->processRequest()
#16 D:\Public_html\yiitest2\index.php(13): CApplication->run()
#17 {main}
REQUEST_URI=/yiitest2/index.php?r=site/contact
HTTP_REFERER=http://localhost/yiitest2/index.php?r=site/page&view=about
---
2014/06/06 09:17:46 [error] [system.db.CDbCommand] CDbCommand::fetchAll() failed: SQLSTATE[42S02]: Base table or view not found: 1146 Table 'yiitest2.tbl_migration' doesn't exist. The SQL statement executed was: SHOW FULL COLUMNS FROM `tbl_migration`.
